INFO: [VRFC 10-2263] Analyzing SystemVerilog file "C:/SoC/activecore/designs/rtl/sigma_tile/hw/arb_1m2s.sv" into library xil_defaultlib
INFO: [VRFC 10-311] analyzing module arb_1m2s
INFO: [VRFC 10-2263] Analyzing SystemVerilog file "C:/SoC/activecore/designs/rtl/sigma_tile/hw/arb_2m1s.sv" into library xil_defaultlib
INFO: [VRFC 10-311] analyzing module arb_2m1s
INFO: [VRFC 10-2263] Analyzing SystemVerilog file "C:/SoC/activecore/designs/rtl/sigma_tile/hw/arb_2m3s.sv" into library xil_defaultlib
INFO: [VRFC 10-311] analyzing module arb_2m3s
INFO: [VRFC 10-2263] Analyzing SystemVerilog file "C:/SoC/activecore/designs/rtl/sigma_tile/hw/coproc_custom0_wrapper.sv" into library xil_defaultlib
INFO: [VRFC 10-311] analyzing module coproc_custom0_wrapper
INFO: [VRFC 10-2263] Analyzing SystemVerilog file "C:/SoC/activecore/designs/rtl/sigma_tile/hw/cpu_stub.sv" into library xil_defaultlib
INFO: [VRFC 10-311] analyzing module cpu_stub
INFO: [VRFC 10-2263] Analyzing SystemVerilog file "C:/SoC/activecore/designs/rtl/sigma_tile/hw/mul_div/genexu_MUL_DIV.sv" into library xil_defaultlib
INFO: [VRFC 10-311] analyzing module genexu_MUL_DIV
INFO: [VRFC 10-2263] Analyzing SystemVerilog file "C:/SoC/activecore/designs/rtl/sigma_tile/hw/irq_adapter.sv" into library xil_defaultlib
INFO: [VRFC 10-311] analyzing module irq_adapter
INFO: [VRFC 10-2263] Analyzing SystemVerilog file "C:/SoC/activecore/designs/rtl/sigma_tile/hw/riscv/coregen/riscv_3stage/sverilog/riscv_3stage.sv" into library xil_defaultlib
INFO: [VRFC 10-311] analyzing module riscv_3stage
INFO: [VRFC 10-2263] Analyzing SystemVerilog file "C:/SoC/activecore/designs/rtl/sigma_tile/hw/sfr.sv" into library xil_defaultlib
INFO: [VRFC 10-311] analyzing module sfr
INFO: [VRFC 10-2263] Analyzing SystemVerilog file "C:/SoC/activecore/designs/rtl/sigma/hw/sigma.sv" into library xil_defaultlib
INFO: [VRFC 10-311] analyzing module sigma
INFO: [VRFC 10-2263] Analyzing SystemVerilog file "C:/SoC/activecore/designs/rtl/sigma_tile/hw/sigma_tile.sv" into library xil_defaultlib
INFO: [VRFC 10-311] analyzing module sigma_tile
INFO: [VRFC 10-2263] Analyzing SystemVerilog file "C:/SoC/activecore/designs/rtl/sigma/tb/riscv_tb.sv" into library xil_defaultlib
INFO: [VRFC 10-311] analyzing module riscv_tb
