Copyright 1986-2019 Xilinx, Inc. All Rights Reserved.
----------------------------------------------------------------------------------------------------------------------------------------------------
| Tool Version     : Vivado v.2019.2 (win64) Build 2708876 Wed Nov  6 21:40:23 MST 2019
| Date             : Wed Mar 20 16:41:50 2024
| Host             : DESKTOP-LUOGMV1 running 64-bit major release  (build 9200)
| Command          : report_power -file NEXYS4_DDR_power_routed.rpt -pb NEXYS4_DDR_power_summary_routed.pb -rpx NEXYS4_DDR_power_routed.rpx
| Design           : NEXYS4_DDR
| Device           : xc7a100tcsg324-3
| Design State     : routed
| Grade            : extended
| Process          : typical
| Characterization : Production
----------------------------------------------------------------------------------------------------------------------------------------------------

Power Report

Table of Contents
-----------------
1. Summary
1.1 On-Chip Components
1.2 Power Supply Summary
1.3 Confidence Level
2. Settings
2.1 Environment
2.2 Clock Constraints
3. Detailed Reports
3.1 By Hierarchy

1. Summary
----------

+--------------------------+--------------+
| Total On-Chip Power (W)  | 0.253        |
| Design Power Budget (W)  | Unspecified* |
| Power Budget Margin (W)  | NA           |
| Dynamic (W)              | 0.155        |
| Device Static (W)        | 0.098        |
| Effective TJA (C/W)      | 4.6          |
| Max Ambient (C)          | 98.8         |
| Junction Temperature (C) | 26.2         |
| Confidence Level         | Low          |
| Setting File             | ---          |
| Simulation Activity File | ---          |
| Design Nets Matched      | NA           |
+--------------------------+--------------+
* Specify Design Power Budget using, set_operating_conditions -design_power_budget <value in Watts>


1.1 On-Chip Components
----------------------

+----------------+-----------+----------+-----------+-----------------+
| On-Chip        | Power (W) | Used     | Available | Utilization (%) |
+----------------+-----------+----------+-----------+-----------------+
| Clocks         |     0.006 |        8 |       --- |             --- |
| Slice Logic    |     0.002 |     6277 |       --- |             --- |
|   LUT as Logic |     0.002 |     3281 |     63400 |            5.18 |
|   CARRY4       |    <0.001 |      157 |     15850 |            0.99 |
|   Register     |    <0.001 |     2137 |    126800 |            1.69 |
|   F7/F8 Muxes  |    <0.001 |      228 |     63400 |            0.36 |
|   Others       |     0.000 |       33 |       --- |             --- |
| Signals        |     0.003 |     5362 |       --- |             --- |
| Block RAM      |     0.023 |        8 |       135 |            5.93 |
| MMCM           |     0.121 |        1 |         6 |           16.67 |
| DSPs           |    <0.001 |        4 |       240 |            1.67 |
| I/O            |    <0.001 |       37 |       210 |           17.62 |
| Static Power   |     0.098 |          |           |                 |
| Total          |     0.253 |          |           |                 |
+----------------+-----------+----------+-----------+-----------------+


1.2 Power Supply Summary
------------------------

+-----------+-------------+-----------+-------------+------------+
| Source    | Voltage (V) | Total (A) | Dynamic (A) | Static (A) |
+-----------+-------------+-----------+-------------+------------+
| Vccint    |       1.000 |     0.048 |       0.032 |      0.015 |
| Vccaux    |       1.800 |     0.085 |       0.067 |      0.018 |
| Vcco33    |       3.300 |     0.004 |       0.000 |      0.004 |
| Vcco25    |       2.500 |     0.000 |       0.000 |      0.000 |
| Vcco18    |       1.800 |     0.000 |       0.000 |      0.000 |
| Vcco15    |       1.500 |     0.000 |       0.000 |      0.000 |
| Vcco135   |       1.350 |     0.000 |       0.000 |      0.000 |
| Vcco12    |       1.200 |     0.000 |       0.000 |      0.000 |
| Vccaux_io |       1.800 |     0.000 |       0.000 |      0.000 |
| Vccbram   |       1.000 |     0.002 |       0.002 |      0.000 |
| MGTAVcc   |       1.000 |     0.000 |       0.000 |      0.000 |
| MGTAVtt   |       1.200 |     0.000 |       0.000 |      0.000 |
| Vccadc    |       1.800 |     0.020 |       0.000 |      0.020 |
+-----------+-------------+-----------+-------------+------------+


1.3 Confidence Level
--------------------

+-----------------------------+------------+--------------------------------------------------------+------------------------------------------------------------------------------------------------------------+
| User Input Data             | Confidence | Details                                                | Action                                                                                                     |
+-----------------------------+------------+--------------------------------------------------------+------------------------------------------------------------------------------------------------------------+
| Design implementation state | High       | Design is routed                                       |                                                                                                            |
| Clock nodes activity        | High       | User specified more than 95% of clocks                 |                                                                                                            |
| I/O nodes activity          | Low        | More than 75% of inputs are missing user specification | Provide missing input activity with simulation results or by editing the "By Resource Type -> I/Os" view   |
| Internal nodes activity     | Medium     | User specified less than 25% of internal nodes         | Provide missing internal nodes activity with simulation results or by editing the "By Resource Type" views |
| Device models               | High       | Device models are Production                           |                                                                                                            |
|                             |            |                                                        |                                                                                                            |
| Overall confidence level    | Low        |                                                        |                                                                                                            |
+-----------------------------+------------+--------------------------------------------------------+------------------------------------------------------------------------------------------------------------+


2. Settings
-----------

2.1 Environment
---------------

+-----------------------+--------------------------+
| Ambient Temp (C)      | 25.0                     |
| ThetaJA (C/W)         | 4.6                      |
| Airflow (LFM)         | 250                      |
| Heat Sink             | medium (Medium Profile)  |
| ThetaSA (C/W)         | 4.6                      |
| Board Selection       | medium (10"x10")         |
| # of Board Layers     | 12to15 (12 to 15 Layers) |
| Board Temperature (C) | 25.0                     |
+-----------------------+--------------------------+


2.2 Clock Constraints
---------------------

+--------------------+-------------------------------+-----------------+
| Clock              | Domain                        | Constraint (ns) |
+--------------------+-------------------------------+-----------------+
| CLK100MHZ          | CLK100MHZ                     |            10.0 |
| clk_out1_sys_clk   | sys_clk/inst/clk_out1_sys_clk |            14.3 |
| clk_out1_sys_clk_1 | sys_clk/inst/clk_out1_sys_clk |            14.3 |
| clkfbout_sys_clk   | sys_clk/inst/clkfbout_sys_clk |            50.0 |
| clkfbout_sys_clk_1 | sys_clk/inst/clkfbout_sys_clk |            50.0 |
| sys_clk_pin        | CLK100MHZ                     |            10.0 |
+--------------------+-------------------------------+-----------------+


3. Detailed Reports
-------------------

3.1 By Hierarchy
----------------

+----------------------+-----------+
| Name                 | Power (W) |
+----------------------+-----------+
| NEXYS4_DDR           |     0.155 |
|   sigma              |     0.033 |
|     sigma_tile       |     0.031 |
|       ram            |     0.023 |
|       riscv          |     0.006 |
|     udm              |     0.002 |
|       udm_controller |     0.001 |
|   sys_clk            |     0.121 |
|     inst             |     0.121 |
+----------------------+-----------+


