
*** Running vivado
    with args -log NEXYS4_DDR.vdi -applog -m64 -product Vivado -messageDb vivado.pb -mode batch -source NEXYS4_DDR.tcl -notrace


****** Vivado v2019.2 (64-bit)
  **** SW Build 2708876 on Wed Nov  6 21:40:23 MST 2019
  **** IP Build 2700528 on Thu Nov  7 00:09:20 MST 2019
    ** Copyright 1986-2019 Xilinx, Inc. All Rights Reserved.

source NEXYS4_DDR.tcl -notrace
Command: link_design -top NEXYS4_DDR -part xc7a100tcsg324-3
Design is defaulting to srcset: sources_1
Design is defaulting to constrset: constrs_1
INFO: [Device 21-403] Loading part xc7a100tcsg324-3
INFO: [Project 1-454] Reading design checkpoint 'C:/SoC/activecore/designs/rtl/sigma/syn/syn_1stage/NEXYS4_DDR/NEXYS4_DDR.runs/impl_1/.Xil/Vivado-4816-DESKTOP-LUOGMV1/sys_clk/sys_clk.dcp' for cell 'sys_clk'
Netlist sorting complete. Time (s): cpu = 00:00:00 ; elapsed = 00:00:00.053 . Memory (MB): peak = 791.422 ; gain = 0.000
INFO: [Netlist 29-17] Analyzing 398 Unisim elements for replacement
INFO: [Netlist 29-28] Unisim Transformation completed in 0 CPU seconds
INFO: [Project 1-479] Netlist was created with Vivado 2019.2
INFO: [Project 1-570] Preparing netlist for logic optimization
Parsing XDC File [c:/SoC/activecore/designs/rtl/sigma/syn/syn_1stage/NEXYS4_DDR/NEXYS4_DDR.srcs/sources_1/ip/sys_clk/sys_clk_board.xdc] for cell 'sys_clk/inst'
Finished Parsing XDC File [c:/SoC/activecore/designs/rtl/sigma/syn/syn_1stage/NEXYS4_DDR/NEXYS4_DDR.srcs/sources_1/ip/sys_clk/sys_clk_board.xdc] for cell 'sys_clk/inst'
Parsing XDC File [c:/SoC/activecore/designs/rtl/sigma/syn/syn_1stage/NEXYS4_DDR/NEXYS4_DDR.srcs/sources_1/ip/sys_clk/sys_clk.xdc] for cell 'sys_clk/inst'
INFO: [Timing 38-35] Done setting XDC timing constraints. [c:/SoC/activecore/designs/rtl/sigma/syn/syn_1stage/NEXYS4_DDR/NEXYS4_DDR.srcs/sources_1/ip/sys_clk/sys_clk.xdc:57]
INFO: [Timing 38-2] Deriving generated clocks [c:/SoC/activecore/designs/rtl/sigma/syn/syn_1stage/NEXYS4_DDR/NEXYS4_DDR.srcs/sources_1/ip/sys_clk/sys_clk.xdc:57]
get_clocks: Time (s): cpu = 00:00:07 ; elapsed = 00:00:06 . Memory (MB): peak = 1437.156 ; gain = 534.254
Finished Parsing XDC File [c:/SoC/activecore/designs/rtl/sigma/syn/syn_1stage/NEXYS4_DDR/NEXYS4_DDR.srcs/sources_1/ip/sys_clk/sys_clk.xdc] for cell 'sys_clk/inst'
Parsing XDC File [C:/SoC/activecore/designs/rtl/sigma/syn/syn_1stage/NEXYS4_DDR/NEXYS4_DDR.xdc]
Finished Parsing XDC File [C:/SoC/activecore/designs/rtl/sigma/syn/syn_1stage/NEXYS4_DDR/NEXYS4_DDR.xdc]
INFO: [Opt 31-138] Pushed 0 inverter(s) to 0 load pin(s).
Netlist sorting complete. Time (s): cpu = 00:00:00 ; elapsed = 00:00:00 . Memory (MB): peak = 1437.156 ; gain = 0.000
INFO: [Project 1-111] Unisim Transformation Summary:
No Unisim elements were transformed.

10 Infos, 0 Warnings, 0 Critical Warnings and 0 Errors encountered.
link_design completed successfully
link_design: Time (s): cpu = 00:00:11 ; elapsed = 00:00:23 . Memory (MB): peak = 1437.156 ; gain = 953.336
Command: opt_design
Attempting to get a license for feature 'Implementation' and/or device 'xc7a100t'
INFO: [Common 17-349] Got license for feature 'Implementation' and/or device 'xc7a100t'
Running DRC as a precondition to command opt_design

Starting DRC Task
INFO: [DRC 23-27] Running DRC with 2 threads
INFO: [Project 1-461] DRC finished with 0 Errors
INFO: [Project 1-462] Please refer to the DRC report (report_drc) for more information.

Time (s): cpu = 00:00:01 ; elapsed = 00:00:00.593 . Memory (MB): peak = 1437.156 ; gain = 0.000

Starting Cache Timing Information Task
INFO: [Timing 38-35] Done setting XDC timing constraints.
INFO: [Timing 38-2] Deriving generated clocks
Ending Cache Timing Information Task | Checksum: 10de51bb7

Time (s): cpu = 00:00:00 ; elapsed = 00:00:00.203 . Memory (MB): peak = 1452.094 ; gain = 14.938

Starting Logic Optimization Task

Phase 1 Retarget
INFO: [Opt 31-138] Pushed 1 inverter(s) to 1 load pin(s).
INFO: [Opt 31-49] Retargeted 0 cell(s).
Phase 1 Retarget | Checksum: 2133886e2

Time (s): cpu = 00:00:00 ; elapsed = 00:00:00.482 . Memory (MB): peak = 1641.797 ; gain = 0.000
INFO: [Opt 31-389] Phase Retarget created 0 cells and removed 68 cells
INFO: [Opt 31-1021] In phase Retarget, 1 netlist objects are constrained preventing optimization. Please run opt_design with -debug_log to get more detail. 

Phase 2 Constant propagation
INFO: [Opt 31-138] Pushed 0 inverter(s) to 0 load pin(s).
Phase 2 Constant propagation | Checksum: 20a46b166

Time (s): cpu = 00:00:00 ; elapsed = 00:00:00.526 . Memory (MB): peak = 1641.797 ; gain = 0.000
INFO: [Opt 31-389] Phase Constant propagation created 0 cells and removed 0 cells

Phase 3 Sweep
Phase 3 Sweep | Checksum: 198a24aa2

Time (s): cpu = 00:00:00 ; elapsed = 00:00:00.608 . Memory (MB): peak = 1641.797 ; gain = 0.000
INFO: [Opt 31-389] Phase Sweep created 16 cells and removed 0 cells

Phase 4 BUFG optimization
INFO: [Opt 31-1112] Starts optimizing BUFG(s) with a common MMCM/DPLL/XPLL driver.
INFO: [Opt 31-1112] Starts optimizing BUFG(s) with a common driver.
INFO: [Opt 31-1092] Phase BUFG optimization transformed 0 BUFG(s) to MBUFG(s).
Phase 4 BUFG optimization | Checksum: 198a24aa2

Time (s): cpu = 00:00:00 ; elapsed = 00:00:00.673 . Memory (MB): peak = 1641.797 ; gain = 0.000
INFO: [Opt 31-662] Phase BUFG optimization created 0 cells of which 0 are BUFGs and removed 0 cells.

Phase 5 Shift Register Optimization
INFO: [Opt 31-1064] SRL Remap converted 0 SRLs to 0 registers and converted 0 registers of register chains to 0 SRLs
Phase 5 Shift Register Optimization | Checksum: 198a24aa2

Time (s): cpu = 00:00:01 ; elapsed = 00:00:00.728 . Memory (MB): peak = 1641.797 ; gain = 0.000
INFO: [Opt 31-389] Phase Shift Register Optimization created 0 cells and removed 0 cells

Phase 6 Post Processing Netlist
Phase 6 Post Processing Netlist | Checksum: 193d0864f

Time (s): cpu = 00:00:01 ; elapsed = 00:00:00.750 . Memory (MB): peak = 1641.797 ; gain = 0.000
INFO: [Opt 31-389] Phase Post Processing Netlist created 0 cells and removed 0 cells
Opt_design Change Summary
=========================


-------------------------------------------------------------------------------------------------------------------------
|  Phase                        |  #Cells created  |  #Cells Removed  |  #Constrained objects preventing optimizations  |
-------------------------------------------------------------------------------------------------------------------------
|  Retarget                     |               0  |              68  |                                              1  |
|  Constant propagation         |               0  |               0  |                                              0  |
|  Sweep                        |              16  |               0  |                                              0  |
|  BUFG optimization            |               0  |               0  |                                              0  |
|  Shift Register Optimization  |               0  |               0  |                                              0  |
|  Post Processing Netlist      |               0  |               0  |                                              0  |
-------------------------------------------------------------------------------------------------------------------------



Starting Connectivity Check Task

Time (s): cpu = 00:00:00 ; elapsed = 00:00:00.009 . Memory (MB): peak = 1641.797 ; gain = 0.000
Ending Logic Optimization Task | Checksum: 16b6501c9

Time (s): cpu = 00:00:01 ; elapsed = 00:00:00.874 . Memory (MB): peak = 1641.797 ; gain = 0.000

Starting Power Optimization Task
INFO: [Pwropt 34-132] Skipping clock gating for clocks with a period < 2.00 ns.
INFO: [Timing 38-35] Done setting XDC timing constraints.
INFO: [Physopt 32-619] Estimated Timing Summary | WNS=2.374 | TNS=0.000 |
Running Vector-less Activity Propagation...
INFO: [Pwropt 34-9] Applying IDT optimizations ...
INFO: [Pwropt 34-10] Applying ODC optimizations ...

Finished Running Vector-less Activity Propagation


Starting PowerOpt Patch Enables Task
INFO: [Pwropt 34-162] WRITE_MODE attribute of 0 BRAM(s) out of a total of 8 has been updated to save power. Run report_power_opt to get a complete listing of the BRAMs updated.
INFO: [Pwropt 34-201] Structural ODC has moved 0 WE to EN ports
Number of BRAM Ports augmented: 0 newly gated: 0 Total Ports: 16
Ending PowerOpt Patch Enables Task | Checksum: 16b6501c9

Time (s): cpu = 00:00:00 ; elapsed = 00:00:00.039 . Memory (MB): peak = 1784.113 ; gain = 0.000
Ending Power Optimization Task | Checksum: 16b6501c9

Time (s): cpu = 00:00:06 ; elapsed = 00:00:04 . Memory (MB): peak = 1784.113 ; gain = 142.316

Starting Final Cleanup Task
Ending Final Cleanup Task | Checksum: 16b6501c9

Time (s): cpu = 00:00:00 ; elapsed = 00:00:00 . Memory (MB): peak = 1784.113 ; gain = 0.000

Starting Netlist Obfuscation Task
Netlist sorting complete. Time (s): cpu = 00:00:00 ; elapsed = 00:00:00.001 . Memory (MB): peak = 1784.113 ; gain = 0.000
Ending Netlist Obfuscation Task | Checksum: 16b6501c9

Time (s): cpu = 00:00:00 ; elapsed = 00:00:00.001 . Memory (MB): peak = 1784.113 ; gain = 0.000
INFO: [Common 17-83] Releasing license: Implementation
38 Infos, 0 Warnings, 0 Critical Warnings and 0 Errors encountered.
opt_design completed successfully
opt_design: Time (s): cpu = 00:00:10 ; elapsed = 00:00:07 . Memory (MB): peak = 1784.113 ; gain = 346.957
Netlist sorting complete. Time (s): cpu = 00:00:00 ; elapsed = 00:00:00.001 . Memory (MB): peak = 1784.113 ; gain = 0.000
INFO: [Timing 38-480] Writing timing data to binary archive.
Writing placer database...
Writing XDEF routing.
Writing XDEF routing logical nets.
Writing XDEF routing special nets.
Write XDEF Complete: Time (s): cpu = 00:00:00 ; elapsed = 00:00:00.031 . Memory (MB): peak = 1784.113 ; gain = 0.000
INFO: [Common 17-1381] The checkpoint 'C:/SoC/activecore/designs/rtl/sigma/syn/syn_1stage/NEXYS4_DDR/NEXYS4_DDR.runs/impl_1/NEXYS4_DDR_opt.dcp' has been generated.
INFO: [runtcl-4] Executing : report_drc -file NEXYS4_DDR_drc_opted.rpt -pb NEXYS4_DDR_drc_opted.pb -rpx NEXYS4_DDR_drc_opted.rpx
Command: report_drc -file NEXYS4_DDR_drc_opted.rpt -pb NEXYS4_DDR_drc_opted.pb -rpx NEXYS4_DDR_drc_opted.rpx
INFO: [IP_Flow 19-1839] IP Catalog is up to date.
INFO: [DRC 23-27] Running DRC with 2 threads
INFO: [Coretcl 2-168] The results of DRC are in file C:/SoC/activecore/designs/rtl/sigma/syn/syn_1stage/NEXYS4_DDR/NEXYS4_DDR.runs/impl_1/NEXYS4_DDR_drc_opted.rpt.
report_drc completed successfully
Command: place_design
Attempting to get a license for feature 'Implementation' and/or device 'xc7a100t'
INFO: [Common 17-349] Got license for feature 'Implementation' and/or device 'xc7a100t'
INFO: [DRC 23-27] Running DRC with 2 threads
INFO: [Vivado_Tcl 4-198] DRC finished with 0 Errors
INFO: [Vivado_Tcl 4-199] Please refer to the DRC report (report_drc) for more information.
Running DRC as a precondition to command place_design
INFO: [DRC 23-27] Running DRC with 2 threads
INFO: [Vivado_Tcl 4-198] DRC finished with 0 Errors
INFO: [Vivado_Tcl 4-199] Please refer to the DRC report (report_drc) for more information.

Starting Placer Task
INFO: [Place 30-611] Multithreading enabled for place_design using a maximum of 2 CPUs

Phase 1 Placer Initialization

Phase 1.1 Placer Initialization Netlist Sorting
Netlist sorting complete. Time (s): cpu = 00:00:00 ; elapsed = 00:00:00.001 . Memory (MB): peak = 1784.113 ; gain = 0.000
Phase 1.1 Placer Initialization Netlist Sorting | Checksum: 16a094fec

Time (s): cpu = 00:00:00 ; elapsed = 00:00:00.011 . Memory (MB): peak = 1784.113 ; gain = 0.000
Netlist sorting complete. Time (s): cpu = 00:00:00 ; elapsed = 00:00:00.001 . Memory (MB): peak = 1784.113 ; gain = 0.000

Phase 1.2 IO Placement/ Clock Placement/ Build Placer Device
INFO: [Timing 38-35] Done setting XDC timing constraints.
Phase 1.2 IO Placement/ Clock Placement/ Build Placer Device | Checksum: 1c1e3a76a

Time (s): cpu = 00:00:01 ; elapsed = 00:00:00.909 . Memory (MB): peak = 1784.113 ; gain = 0.000

Phase 1.3 Build Placer Netlist Model
Phase 1.3 Build Placer Netlist Model | Checksum: 1f18c428a

Time (s): cpu = 00:00:02 ; elapsed = 00:00:02 . Memory (MB): peak = 1784.113 ; gain = 0.000

Phase 1.4 Constrain Clocks/Macros
Phase 1.4 Constrain Clocks/Macros | Checksum: 1f18c428a

Time (s): cpu = 00:00:02 ; elapsed = 00:00:02 . Memory (MB): peak = 1784.113 ; gain = 0.000
Phase 1 Placer Initialization | Checksum: 1f18c428a

Time (s): cpu = 00:00:02 ; elapsed = 00:00:02 . Memory (MB): peak = 1784.113 ; gain = 0.000

Phase 2 Global Placement

Phase 2.1 Floorplanning
Phase 2.1 Floorplanning | Checksum: 251df5d7c

Time (s): cpu = 00:00:03 ; elapsed = 00:00:02 . Memory (MB): peak = 1784.113 ; gain = 0.000

Phase 2.2 Global Placement Core

Phase 2.2.1 Physical Synthesis In Placer
INFO: [Physopt 32-1018] Found 142 candidate LUT instances to create LUTNM shape
INFO: [Physopt 32-775] End 1 Pass. Optimized 183 nets or cells. Created 119 new cells, deleted 64 existing cells and moved 0 existing cell
INFO: [Physopt 32-76] Pass 1. Identified 1 candidate net for fanout optimization.
INFO: [Physopt 32-81] Processed net sigma/sigma_tile/sfr/core_reset_o_reg_0. Replicated 10 times.
INFO: [Physopt 32-232] Optimized 1 net. Created 10 new instances.
INFO: [Physopt 32-775] End 1 Pass. Optimized 1 net or cell. Created 10 new cells, deleted 0 existing cell and moved 0 existing cell
Netlist sorting complete. Time (s): cpu = 00:00:00 ; elapsed = 00:00:00.046 . Memory (MB): peak = 1784.113 ; gain = 0.000
INFO: [Physopt 32-117] Net sigma/sigma_tile/ram/ram_dual/bus1_we3_out could not be optimized because driver sigma/sigma_tile/ram/ram_dual/ram_reg_0_i_31 could not be replicated
INFO: [Physopt 32-117] Net sigma/sigma_tile/ram/ram_dual/bus1_addr[11] could not be optimized because driver sigma/sigma_tile/ram/ram_dual/ram_reg_0_i_4 could not be replicated
INFO: [Physopt 32-117] Net sigma/sigma_tile/ram/ram_dual/bus1_addr[10] could not be optimized because driver sigma/sigma_tile/ram/ram_dual/ram_reg_0_i_5 could not be replicated
INFO: [Physopt 32-117] Net sigma/sigma_tile/riscv/ADDRARDADDR[5] could not be optimized because driver sigma/sigma_tile/riscv/ram_reg_0_i_2 could not be replicated
INFO: [Physopt 32-117] Net sigma/sigma_tile/ram/ram_dual/bus1_addr[3] could not be optimized because driver sigma/sigma_tile/ram/ram_dual/ram_reg_0_i_12 could not be replicated
INFO: [Physopt 32-117] Net sigma/sigma_tile/ram/ram_dual/bus1_addr[8] could not be optimized because driver sigma/sigma_tile/ram/ram_dual/ram_reg_0_i_7 could not be replicated
INFO: [Physopt 32-117] Net sigma/sigma_tile/ram/ram_dual/bus1_addr[2] could not be optimized because driver sigma/sigma_tile/ram/ram_dual/ram_reg_0_i_13 could not be replicated
INFO: [Physopt 32-117] Net sigma/sigma_tile/ram/ram_dual/bus1_addr[9] could not be optimized because driver sigma/sigma_tile/ram/ram_dual/ram_reg_0_i_6 could not be replicated
INFO: [Physopt 32-117] Net sigma/sigma_tile/riscv/ADDRARDADDR[4] could not be optimized because driver sigma/sigma_tile/riscv/ram_reg_0_i_3 could not be replicated
INFO: [Physopt 32-117] Net sigma/sigma_tile/riscv/ADDRARDADDR[6] could not be optimized because driver sigma/sigma_tile/riscv/ram_reg_0_i_1 could not be replicated
INFO: [Physopt 32-117] Net sigma/sigma_tile/riscv/ADDRARDADDR[3] could not be optimized because driver sigma/sigma_tile/riscv/ram_reg_0_i_8 could not be replicated
INFO: [Physopt 32-117] Net sigma/sigma_tile/riscv/ADDRARDADDR[2] could not be optimized because driver sigma/sigma_tile/riscv/ram_reg_0_i_9 could not be replicated
INFO: [Physopt 32-117] Net sigma/sigma_tile/riscv/ADDRARDADDR[0] could not be optimized because driver sigma/sigma_tile/riscv/ram_reg_0_i_11 could not be replicated
INFO: [Physopt 32-117] Net sigma/sigma_tile/riscv/ADDRARDADDR[1] could not be optimized because driver sigma/sigma_tile/riscv/ram_reg_0_i_10 could not be replicated
INFO: [Physopt 32-68] No nets found for critical-cell optimization.
INFO: [Physopt 32-232] Optimized 0 net. Created 0 new instance.
INFO: [Physopt 32-775] End 1 Pass. Optimized 0 net or cell. Created 0 new cell, deleted 0 existing cell and moved 0 existing cell
INFO: [Physopt 32-456] No candidate cells for DSP register optimization found in the design.
INFO: [Physopt 32-775] End 2 Pass. Optimized 0 net or cell. Created 0 new cell, deleted 0 existing cell and moved 0 existing cell
INFO: [Physopt 32-775] End 1 Pass. Optimized 0 net or cell. Created 0 new cell, deleted 0 existing cell and moved 0 existing cell
INFO: [Physopt 32-677] No candidate cells for Shift Register optimization found in the design
INFO: [Physopt 32-775] End 1 Pass. Optimized 0 net or cell. Created 0 new cell, deleted 0 existing cell and moved 0 existing cell
INFO: [Physopt 32-526] No candidate cells for BRAM register optimization found in the design
INFO: [Physopt 32-775] End 1 Pass. Optimized 0 net or cell. Created 0 new cell, deleted 0 existing cell and moved 0 existing cell
INFO: [Physopt 32-949] No candidate nets found for HD net replication
INFO: [Physopt 32-775] End 1 Pass. Optimized 0 net or cell. Created 0 new cell, deleted 0 existing cell and moved 0 existing cell
Netlist sorting complete. Time (s): cpu = 00:00:00 ; elapsed = 00:00:00.002 . Memory (MB): peak = 1784.113 ; gain = 0.000

Summary of Physical Synthesis Optimizations
============================================


-----------------------------------------------------------------------------------------------------------------------------------------------------------
|  Optimization                                     |  Added Cells  |  Removed Cells  |  Optimized Cells/Nets  |  Dont Touch  |  Iterations  |  Elapsed   |
-----------------------------------------------------------------------------------------------------------------------------------------------------------
|  LUT Combining                                    |          119  |             64  |                   183  |           0  |           1  |  00:00:00  |
|  Very High Fanout                                 |           10  |              0  |                     1  |           0  |           1  |  00:00:00  |
|  Critical Cell                                    |            0  |              0  |                     0  |           0  |           1  |  00:00:00  |
|  DSP Register                                     |            0  |              0  |                     0  |           0  |           1  |  00:00:00  |
|  Shift Register to Pipeline                       |            0  |              0  |                     0  |           0  |           1  |  00:00:00  |
|  Shift Register                                   |            0  |              0  |                     0  |           0  |           1  |  00:00:00  |
|  BRAM Register                                    |            0  |              0  |                     0  |           0  |           1  |  00:00:00  |
|  Dynamic/Static Region Interface Net Replication  |            0  |              0  |                     0  |           0  |           1  |  00:00:00  |
|  Total                                            |          129  |             64  |                   184  |           0  |           8  |  00:00:01  |
-----------------------------------------------------------------------------------------------------------------------------------------------------------


Phase 2.2.1 Physical Synthesis In Placer | Checksum: 19421ea09

Time (s): cpu = 00:00:14 ; elapsed = 00:00:08 . Memory (MB): peak = 1784.113 ; gain = 0.000
Phase 2.2 Global Placement Core | Checksum: 222d01f1a

Time (s): cpu = 00:00:14 ; elapsed = 00:00:08 . Memory (MB): peak = 1784.113 ; gain = 0.000
Phase 2 Global Placement | Checksum: 222d01f1a

Time (s): cpu = 00:00:14 ; elapsed = 00:00:08 . Memory (MB): peak = 1784.113 ; gain = 0.000

Phase 3 Detail Placement

Phase 3.1 Commit Multi Column Macros
Phase 3.1 Commit Multi Column Macros | Checksum: 1d3984eed

Time (s): cpu = 00:00:15 ; elapsed = 00:00:09 . Memory (MB): peak = 1784.113 ; gain = 0.000

Phase 3.2 Commit Most Macros & LUTRAMs
Phase 3.2 Commit Most Macros & LUTRAMs | Checksum: 1727fc4e8

Time (s): cpu = 00:00:16 ; elapsed = 00:00:09 . Memory (MB): peak = 1784.113 ; gain = 0.000

Phase 3.3 Area Swap Optimization
Phase 3.3 Area Swap Optimization | Checksum: 21c8c4883

Time (s): cpu = 00:00:16 ; elapsed = 00:00:09 . Memory (MB): peak = 1784.113 ; gain = 0.000

Phase 3.4 Pipeline Register Optimization
Phase 3.4 Pipeline Register Optimization | Checksum: 1a5423691

Time (s): cpu = 00:00:16 ; elapsed = 00:00:09 . Memory (MB): peak = 1784.113 ; gain = 0.000

Phase 3.5 Fast Optimization
Phase 3.5 Fast Optimization | Checksum: 1edc96b8a

Time (s): cpu = 00:00:17 ; elapsed = 00:00:10 . Memory (MB): peak = 1784.113 ; gain = 0.000

Phase 3.6 Small Shape Detail Placement
Phase 3.6 Small Shape Detail Placement | Checksum: 12aab592c

Time (s): cpu = 00:00:19 ; elapsed = 00:00:12 . Memory (MB): peak = 1784.113 ; gain = 0.000

Phase 3.7 Re-assign LUT pins
Phase 3.7 Re-assign LUT pins | Checksum: 211d9b57d

Time (s): cpu = 00:00:19 ; elapsed = 00:00:12 . Memory (MB): peak = 1784.113 ; gain = 0.000

Phase 3.8 Pipeline Register Optimization
Phase 3.8 Pipeline Register Optimization | Checksum: 1ca8a200c

Time (s): cpu = 00:00:19 ; elapsed = 00:00:12 . Memory (MB): peak = 1784.113 ; gain = 0.000
Phase 3 Detail Placement | Checksum: 1ca8a200c

Time (s): cpu = 00:00:19 ; elapsed = 00:00:12 . Memory (MB): peak = 1784.113 ; gain = 0.000

Phase 4 Post Placement Optimization and Clean-Up

Phase 4.1 Post Commit Optimization
INFO: [Timing 38-35] Done setting XDC timing constraints.

Phase 4.1.1 Post Placement Optimization
Post Placement Optimization Initialization | Checksum: 17b2d1579

Phase 4.1.1.1 BUFG Insertion
INFO: [Place 46-56] BUFG insertion identified 0 candidate nets. Inserted BUFG: 0, Replicated BUFG Driver: 0, Skipped due to Placement/Routing Conflicts: 0, Skipped due to Timing Degradation: 0, Skipped due to Illegal Netlist: 0.
Phase 4.1.1.1 BUFG Insertion | Checksum: 17b2d1579

Time (s): cpu = 00:00:20 ; elapsed = 00:00:13 . Memory (MB): peak = 1784.113 ; gain = 0.000
INFO: [Place 30-746] Post Placement Timing Summary WNS=0.534. For the most accurate timing information please run report_timing.
Phase 4.1.1 Post Placement Optimization | Checksum: 2299c08d1

Time (s): cpu = 00:00:26 ; elapsed = 00:00:19 . Memory (MB): peak = 1784.113 ; gain = 0.000
Phase 4.1 Post Commit Optimization | Checksum: 2299c08d1

Time (s): cpu = 00:00:26 ; elapsed = 00:00:19 . Memory (MB): peak = 1784.113 ; gain = 0.000

Phase 4.2 Post Placement Cleanup
Phase 4.2 Post Placement Cleanup | Checksum: 2299c08d1

Time (s): cpu = 00:00:26 ; elapsed = 00:00:19 . Memory (MB): peak = 1784.113 ; gain = 0.000

Phase 4.3 Placer Reporting
Phase 4.3 Placer Reporting | Checksum: 2299c08d1

Time (s): cpu = 00:00:26 ; elapsed = 00:00:19 . Memory (MB): peak = 1784.113 ; gain = 0.000

Phase 4.4 Final Placement Cleanup
Netlist sorting complete. Time (s): cpu = 00:00:00 ; elapsed = 00:00:00.001 . Memory (MB): peak = 1784.113 ; gain = 0.000
Phase 4.4 Final Placement Cleanup | Checksum: 228f57eb5

Time (s): cpu = 00:00:26 ; elapsed = 00:00:19 . Memory (MB): peak = 1784.113 ; gain = 0.000
Phase 4 Post Placement Optimization and Clean-Up | Checksum: 228f57eb5

Time (s): cpu = 00:00:26 ; elapsed = 00:00:19 . Memory (MB): peak = 1784.113 ; gain = 0.000
Ending Placer Task | Checksum: 1bcbdf6b2

Time (s): cpu = 00:00:26 ; elapsed = 00:00:19 . Memory (MB): peak = 1784.113 ; gain = 0.000
INFO: [Common 17-83] Releasing license: Implementation
89 Infos, 0 Warnings, 0 Critical Warnings and 0 Errors encountered.
place_design completed successfully
place_design: Time (s): cpu = 00:00:28 ; elapsed = 00:00:20 . Memory (MB): peak = 1784.113 ; gain = 0.000
Netlist sorting complete. Time (s): cpu = 00:00:00 ; elapsed = 00:00:00.001 . Memory (MB): peak = 1784.113 ; gain = 0.000
INFO: [Timing 38-480] Writing timing data to binary archive.
Writing placer database...
Writing XDEF routing.
Writing XDEF routing logical nets.
Writing XDEF routing special nets.
Write XDEF Complete: Time (s): cpu = 00:00:01 ; elapsed = 00:00:00.440 . Memory (MB): peak = 1784.113 ; gain = 0.000
INFO: [Common 17-1381] The checkpoint 'C:/SoC/activecore/designs/rtl/sigma/syn/syn_1stage/NEXYS4_DDR/NEXYS4_DDR.runs/impl_1/NEXYS4_DDR_placed.dcp' has been generated.
INFO: [runtcl-4] Executing : report_io -file NEXYS4_DDR_io_placed.rpt
report_io: Time (s): cpu = 00:00:00 ; elapsed = 00:00:00.036 . Memory (MB): peak = 1784.113 ; gain = 0.000
INFO: [runtcl-4] Executing : report_utilization -file NEXYS4_DDR_utilization_placed.rpt -pb NEXYS4_DDR_utilization_placed.pb
INFO: [runtcl-4] Executing : report_control_sets -verbose -file NEXYS4_DDR_control_sets_placed.rpt
report_control_sets: Time (s): cpu = 00:00:00 ; elapsed = 00:00:00.022 . Memory (MB): peak = 1784.113 ; gain = 0.000
Command: route_design
Attempting to get a license for feature 'Implementation' and/or device 'xc7a100t'
INFO: [Common 17-349] Got license for feature 'Implementation' and/or device 'xc7a100t'
Running DRC as a precondition to command route_design
INFO: [DRC 23-27] Running DRC with 2 threads
INFO: [Vivado_Tcl 4-198] DRC finished with 0 Errors
INFO: [Vivado_Tcl 4-199] Please refer to the DRC report (report_drc) for more information.


Starting Routing Task
INFO: [Route 35-254] Multithreading enabled for route_design using a maximum of 2 CPUs
Checksum: PlaceDB: fdbe883c ConstDB: 0 ShapeSum: beff6e76 RouteDB: 0

Phase 1 Build RT Design
Phase 1 Build RT Design | Checksum: eee8f150

Time (s): cpu = 00:00:31 ; elapsed = 00:00:28 . Memory (MB): peak = 1801.992 ; gain = 17.879
Post Restoration Checksum: NetGraph: 940c1e3d NumContArr: 5adcd313 Constraints: 0 Timing: 0

Phase 2 Router Initialization

Phase 2.1 Create Timer
Phase 2.1 Create Timer | Checksum: eee8f150

Time (s): cpu = 00:00:31 ; elapsed = 00:00:28 . Memory (MB): peak = 1818.094 ; gain = 33.980

Phase 2.2 Fix Topology Constraints
Phase 2.2 Fix Topology Constraints | Checksum: eee8f150

Time (s): cpu = 00:00:31 ; elapsed = 00:00:29 . Memory (MB): peak = 1825.434 ; gain = 41.320

Phase 2.3 Pre Route Cleanup
Phase 2.3 Pre Route Cleanup | Checksum: eee8f150

Time (s): cpu = 00:00:31 ; elapsed = 00:00:29 . Memory (MB): peak = 1825.434 ; gain = 41.320
 Number of Nodes with overlaps = 0

Phase 2.4 Update Timing
Phase 2.4 Update Timing | Checksum: 1302d7441

Time (s): cpu = 00:00:33 ; elapsed = 00:00:30 . Memory (MB): peak = 1847.090 ; gain = 62.977
INFO: [Route 35-416] Intermediate Timing Summary | WNS=0.867  | TNS=0.000  | WHS=-0.269 | THS=-178.435|

Phase 2 Router Initialization | Checksum: fd6a4160

Time (s): cpu = 00:00:34 ; elapsed = 00:00:31 . Memory (MB): peak = 1875.914 ; gain = 91.801

Router Utilization Summary
  Global Vertical Routing Utilization    = 0 %
  Global Horizontal Routing Utilization  = 0 %
  Routable Net Status*
  *Does not include unroutable nets such as driverless and loadless.
  Run report_route_status for detailed report.
  Number of Failed Nets               = 5362
    (Failed Nets is the sum of unrouted and partially routed nets)
  Number of Unrouted Nets             = 5362
  Number of Partially Routed Nets     = 0
  Number of Node Overlaps             = 0


Phase 3 Initial Routing
Phase 3 Initial Routing | Checksum: 405eda4f

Time (s): cpu = 00:00:38 ; elapsed = 00:00:33 . Memory (MB): peak = 1891.754 ; gain = 107.641

Phase 4 Rip-up And Reroute

Phase 4.1 Global Iteration 0
 Number of Nodes with overlaps = 2293
 Number of Nodes with overlaps = 899
 Number of Nodes with overlaps = 476
 Number of Nodes with overlaps = 315
 Number of Nodes with overlaps = 198
 Number of Nodes with overlaps = 103
 Number of Nodes with overlaps = 43
 Number of Nodes with overlaps = 18
 Number of Nodes with overlaps = 11
 Number of Nodes with overlaps = 8
 Number of Nodes with overlaps = 3
 Number of Nodes with overlaps = 2
 Number of Nodes with overlaps = 0
INFO: [Route 35-416] Intermediate Timing Summary | WNS=0.274  | TNS=0.000  | WHS=N/A    | THS=N/A    |

Phase 4.1 Global Iteration 0 | Checksum: 1407e026d

Time (s): cpu = 00:01:01 ; elapsed = 00:00:48 . Memory (MB): peak = 1891.754 ; gain = 107.641
Phase 4 Rip-up And Reroute | Checksum: 1407e026d

Time (s): cpu = 00:01:02 ; elapsed = 00:00:48 . Memory (MB): peak = 1891.754 ; gain = 107.641

Phase 5 Delay and Skew Optimization

Phase 5.1 Delay CleanUp
Phase 5.1 Delay CleanUp | Checksum: 1407e026d

Time (s): cpu = 00:01:02 ; elapsed = 00:00:48 . Memory (MB): peak = 1891.754 ; gain = 107.641

Phase 5.2 Clock Skew Optimization
Phase 5.2 Clock Skew Optimization | Checksum: 1407e026d

Time (s): cpu = 00:01:02 ; elapsed = 00:00:48 . Memory (MB): peak = 1891.754 ; gain = 107.641
Phase 5 Delay and Skew Optimization | Checksum: 1407e026d

Time (s): cpu = 00:01:02 ; elapsed = 00:00:48 . Memory (MB): peak = 1891.754 ; gain = 107.641

Phase 6 Post Hold Fix

Phase 6.1 Hold Fix Iter

Phase 6.1.1 Update Timing
Phase 6.1.1 Update Timing | Checksum: 1e5ccaefa

Time (s): cpu = 00:01:02 ; elapsed = 00:00:48 . Memory (MB): peak = 1891.754 ; gain = 107.641
INFO: [Route 35-416] Intermediate Timing Summary | WNS=0.274  | TNS=0.000  | WHS=0.061  | THS=0.000  |

Phase 6.1 Hold Fix Iter | Checksum: 12b20ad45

Time (s): cpu = 00:01:02 ; elapsed = 00:00:48 . Memory (MB): peak = 1891.754 ; gain = 107.641
Phase 6 Post Hold Fix | Checksum: 12b20ad45

Time (s): cpu = 00:01:02 ; elapsed = 00:00:48 . Memory (MB): peak = 1891.754 ; gain = 107.641

Phase 7 Route finalize

Router Utilization Summary
  Global Vertical Routing Utilization    = 1.74135 %
  Global Horizontal Routing Utilization  = 2.24396 %
  Routable Net Status*
  *Does not include unroutable nets such as driverless and loadless.
  Run report_route_status for detailed report.
  Number of Failed Nets               = 0
    (Failed Nets is the sum of unrouted and partially routed nets)
  Number of Unrouted Nets             = 0
  Number of Partially Routed Nets     = 0
  Number of Node Overlaps             = 0

Phase 7 Route finalize | Checksum: 1d90da5a2

Time (s): cpu = 00:01:02 ; elapsed = 00:00:48 . Memory (MB): peak = 1891.754 ; gain = 107.641

Phase 8 Verifying routed nets

 Verification completed successfully
Phase 8 Verifying routed nets | Checksum: 1d90da5a2

Time (s): cpu = 00:01:02 ; elapsed = 00:00:48 . Memory (MB): peak = 1891.754 ; gain = 107.641

Phase 9 Depositing Routes
Phase 9 Depositing Routes | Checksum: 26e8506e0

Time (s): cpu = 00:01:03 ; elapsed = 00:00:49 . Memory (MB): peak = 1891.754 ; gain = 107.641

Phase 10 Post Router Timing
INFO: [Route 35-57] Estimated Timing Summary | WNS=0.274  | TNS=0.000  | WHS=0.061  | THS=0.000  |

INFO: [Route 35-327] The final timing numbers are based on the router estimated timing analysis. For a complete and accurate timing signoff, please run report_timing_summary.
Phase 10 Post Router Timing | Checksum: 26e8506e0

Time (s): cpu = 00:01:03 ; elapsed = 00:00:49 . Memory (MB): peak = 1891.754 ; gain = 107.641
INFO: [Route 35-16] Router Completed Successfully

Time (s): cpu = 00:01:03 ; elapsed = 00:00:49 . Memory (MB): peak = 1891.754 ; gain = 107.641

Routing Is Done.
INFO: [Common 17-83] Releasing license: Implementation
106 Infos, 0 Warnings, 0 Critical Warnings and 0 Errors encountered.
route_design completed successfully
route_design: Time (s): cpu = 00:01:05 ; elapsed = 00:00:57 . Memory (MB): peak = 1891.754 ; gain = 107.641
Netlist sorting complete. Time (s): cpu = 00:00:00 ; elapsed = 00:00:00.001 . Memory (MB): peak = 1891.754 ; gain = 0.000
INFO: [Timing 38-480] Writing timing data to binary archive.
Writing placer database...
Writing XDEF routing.
Writing XDEF routing logical nets.
Writing XDEF routing special nets.
Write XDEF Complete: Time (s): cpu = 00:00:01 ; elapsed = 00:00:00.425 . Memory (MB): peak = 1891.754 ; gain = 0.000
INFO: [Common 17-1381] The checkpoint 'C:/SoC/activecore/designs/rtl/sigma/syn/syn_1stage/NEXYS4_DDR/NEXYS4_DDR.runs/impl_1/NEXYS4_DDR_routed.dcp' has been generated.
INFO: [runtcl-4] Executing : report_drc -file NEXYS4_DDR_drc_routed.rpt -pb NEXYS4_DDR_drc_routed.pb -rpx NEXYS4_DDR_drc_routed.rpx
Command: report_drc -file NEXYS4_DDR_drc_routed.rpt -pb NEXYS4_DDR_drc_routed.pb -rpx NEXYS4_DDR_drc_routed.rpx
INFO: [IP_Flow 19-1839] IP Catalog is up to date.
INFO: [DRC 23-27] Running DRC with 2 threads
INFO: [Coretcl 2-168] The results of DRC are in file C:/SoC/activecore/designs/rtl/sigma/syn/syn_1stage/NEXYS4_DDR/NEXYS4_DDR.runs/impl_1/NEXYS4_DDR_drc_routed.rpt.
report_drc completed successfully
INFO: [runtcl-4] Executing : report_methodology -file NEXYS4_DDR_methodology_drc_routed.rpt -pb NEXYS4_DDR_methodology_drc_routed.pb -rpx NEXYS4_DDR_methodology_drc_routed.rpx
Command: report_methodology -file NEXYS4_DDR_methodology_drc_routed.rpt -pb NEXYS4_DDR_methodology_drc_routed.pb -rpx NEXYS4_DDR_methodology_drc_routed.rpx
INFO: [Timing 38-35] Done setting XDC timing constraints.
INFO: [DRC 23-133] Running Methodology with 2 threads
INFO: [Coretcl 2-1520] The results of Report Methodology are in file C:/SoC/activecore/designs/rtl/sigma/syn/syn_1stage/NEXYS4_DDR/NEXYS4_DDR.runs/impl_1/NEXYS4_DDR_methodology_drc_routed.rpt.
report_methodology completed successfully
INFO: [runtcl-4] Executing : report_power -file NEXYS4_DDR_power_routed.rpt -pb NEXYS4_DDR_power_summary_routed.pb -rpx NEXYS4_DDR_power_routed.rpx
Command: report_power -file NEXYS4_DDR_power_routed.rpt -pb NEXYS4_DDR_power_summary_routed.pb -rpx NEXYS4_DDR_power_routed.rpx
INFO: [Timing 38-35] Done setting XDC timing constraints.
Running Vector-less Activity Propagation...

Finished Running Vector-less Activity Propagation
WARNING: [Power 33-332] Found switching activity that implies high-fanout reset nets being asserted for excessive periods of time which may result in inaccurate power analysis.
Resolution: To review and fix problems, please run Power Constraints Advisor in the GUI from Tools > Power Constraints Advisor or run report_power with the -advisory option to generate a text report.
118 Infos, 1 Warnings, 0 Critical Warnings and 0 Errors encountered.
report_power completed successfully
INFO: [runtcl-4] Executing : report_route_status -file NEXYS4_DDR_route_status.rpt -pb NEXYS4_DDR_route_status.pb
INFO: [runtcl-4] Executing : report_timing_summary -max_paths 10 -file NEXYS4_DDR_timing_summary_routed.rpt -pb NEXYS4_DDR_timing_summary_routed.pb -rpx NEXYS4_DDR_timing_summary_routed.rpx -warn_on_violation 
INFO: [Timing 38-91] UpdateTimingParams: Speed grade: -3, Delay Type: min_max.
INFO: [Timing 38-191] Multithreading enabled for timing update using a maximum of 2 CPUs
INFO: [runtcl-4] Executing : report_incremental_reuse -file NEXYS4_DDR_incremental_reuse_routed.rpt
INFO: [Vivado_Tcl 4-1062] Incremental flow is disabled. No incremental reuse Info to report.
INFO: [runtcl-4] Executing : report_clock_utilization -file NEXYS4_DDR_clock_utilization_routed.rpt
INFO: [runtcl-4] Executing : report_bus_skew -warn_on_violation -file NEXYS4_DDR_bus_skew_routed.rpt -pb NEXYS4_DDR_bus_skew_routed.pb -rpx NEXYS4_DDR_bus_skew_routed.rpx
INFO: [Timing 38-91] UpdateTimingParams: Speed grade: -3, Delay Type: min_max.
INFO: [Timing 38-191] Multithreading enabled for timing update using a maximum of 2 CPUs
INFO: [Common 17-206] Exiting Vivado at Wed Mar 20 16:41:51 2024...
