Vivado Simulator 2019.1
Copyright 1986-1999, 2001-2019 Xilinx, Inc. All Rights Reserved.
Running: C:/Xilinx/Vivado/2019.1/bin/unwrapped/win64.o/xelab.exe -wto 324a2f0a2a2e4199a98b00e94f4ec65a --incr --debug typical --relax --mt 2 -L xil_defaultlib -L unisims_ver -L unimacro_ver -L secureip -L xpm --snapshot tb_behav xil_defaultlib.tb xil_defaultlib.glbl -log elaborate.log 
Using 2 slave threads.
Starting static elaboration
WARNING: [VRFC 10-696] first argument of $fatal is invalid, expecting 0, 1 or 2 [C:/Users/user/Desktop/SoC/activecore/designs/rtl/ram/ram_dual.v:56]
WARNING: [VRFC 10-696] first argument of $fatal is invalid, expecting 0, 1 or 2 [C:/Users/user/Desktop/SoC/activecore/designs/rtl/ram/ram_dual.v:62]
WARNING: [VRFC 10-696] first argument of $fatal is invalid, expecting 0, 1 or 2 [C:/Users/user/Desktop/SoC/activecore/designs/rtl/ram/ram_dual.v:125]
Completed static elaboration
Starting simulation data flow analysis
WARNING: [XSIM 43-4099] "C:/Users/user/Desktop/SoC/activecore/designs/rtl/reset_sync/reset_sync.v" Line 1. Module reset_sync doesn't have a timescale but at least one module in design has a timescale.
WARNING: [XSIM 43-4099] "C:/Users/user/Desktop/SoC/activecore/designs/rtl/udm/hw/udm.v" Line 10. Module udm(BUS_TIMEOUT=100,RTX_EXTERNAL_OVERRIDE="YES") doesn't have a timescale but at least one module in design has a timescale.
WARNING: [XSIM 43-4099] "C:/Users/user/Desktop/SoC/activecore/designs/rtl/udm/hw/uart_rx.v" Line 10. Module uart_rx(RTX_EXTERNAL_OVERRIDE="YES") doesn't have a timescale but at least one module in design has a timescale.
WARNING: [XSIM 43-4099] "C:/Users/user/Desktop/SoC/activecore/designs/rtl/udm/hw/uart_tx.v" Line 10. Module uart_tx(RTX_EXTERNAL_OVERRIDE="YES") doesn't have a timescale but at least one module in design has a timescale.
WARNING: [XSIM 43-4099] "C:/Users/user/Desktop/SoC/activecore/designs/rtl/udm/hw/udm_controller.v" Line 10. Module udm_controller(BUS_TIMEOUT=100) doesn't have a timescale but at least one module in design has a timescale.
WARNING: [XSIM 43-4099] "C:/Users/user/Desktop/SoC/activecore/designs/rtl/ram/ram_dual.v" Line 1. Module ram_dual(init_type="none",init_data="nodata.hex",adr_width=10) doesn't have a timescale but at least one module in design has a timescale.
Completed simulation data flow analysis
Time Resolution for simulation is 1ps
Compiling module xil_defaultlib.MemSplit32
Compiling module unisims_ver.BUFG
Compiling module unisims_ver.IBUF
Compiling module unisims_ver.MMCME2_ADV(CLKFBOUT_MULT_F=10.0,...
Compiling module xil_defaultlib.sys_clk_sys_clk_clk_wiz
Compiling module xil_defaultlib.sys_clk
Compiling module xil_defaultlib.reset_sync
Compiling module xil_defaultlib.uart_rx(RTX_EXTERNAL_OVERRIDE="Y...
Compiling module xil_defaultlib.uart_tx(RTX_EXTERNAL_OVERRIDE="Y...
Compiling module xil_defaultlib.udm_controller(BUS_TIMEOUT=100)
Compiling module xil_defaultlib.udm(BUS_TIMEOUT=100,RTX_EXTERNAL...
Compiling module xil_defaultlib.ram_dual(init_type="none",init_d...
Compiling module xil_defaultlib.FloatingMultiplication
Compiling module xil_defaultlib.DecConvers(max_exp=11)
Compiling module xil_defaultlib.priority_encoder
Compiling module xil_defaultlib.FloatingAddSub
Compiling module xil_defaultlib.TaylorTerm_default
Compiling module xil_defaultlib.TaylorTerm(TERM_INDEX=2)
Compiling module xil_defaultlib.TaylorTerm(TERM_INDEX=3)
Compiling module xil_defaultlib.TaylorTerm(TERM_INDEX=4)
Compiling module xil_defaultlib.TaylorTerm(TERM_INDEX=5)
Compiling module xil_defaultlib.TaylorTerm(TERM_INDEX=6)
Compiling module xil_defaultlib.TaylorTerm(TERM_INDEX=7)
Compiling module xil_defaultlib.MulBack(max_exp=11)
Compiling module xil_defaultlib.TaylorSqrt_default
Compiling module xil_defaultlib.NEXYS4_DDR(SIM="YES")
Compiling module xil_defaultlib.tb
Compiling module xil_defaultlib.glbl
Built simulation snapshot tb_behav
