Copyright 1986-2019 Xilinx, Inc. All Rights Reserved.
---------------------------------------------------------------------------------------
| Tool Version : Vivado v.2019.2 (win64) Build 2708876 Wed Nov  6 21:40:23 MST 2019
| Date         : Wed Mar 20 17:22:11 2024
| Host         : DESKTOP-LUOGMV1 running 64-bit major release  (build 9200)
| Command      : report_control_sets -verbose -file NEXYS4_DDR_control_sets_placed.rpt
| Design       : NEXYS4_DDR
| Device       : xc7a100t
---------------------------------------------------------------------------------------

Control Set Information

Table of Contents
-----------------
1. Summary
2. Histogram
3. Flip-Flop Distribution
4. Detailed Control Set Information

1. Summary
----------

+----------------------------------------------------------+-------+
|                          Status                          | Count |
+----------------------------------------------------------+-------+
| Total control sets                                       |   309 |
|    Minimum number of control sets                        |    41 |
|    Addition due to synthesis replication                 |     0 |
|    Addition due to physical synthesis replication        |   268 |
| Unused register locations in slices containing registers |  1183 |
+----------------------------------------------------------+-------+
* Control sets can be merged at opt_design using control_set_merge or merge_equivalent_drivers
** Run report_qor_suggestions for automated merging and remapping suggestions


2. Histogram
------------

+--------------------+-------+
|       Fanout       | Count |
+--------------------+-------+
| Total control sets |   309 |
| >= 0 to < 4        |   111 |
| >= 4 to < 6        |    71 |
| >= 6 to < 8        |    43 |
| >= 8 to < 10       |    37 |
| >= 10 to < 12      |     6 |
| >= 12 to < 14      |     1 |
| >= 14 to < 16      |     3 |
| >= 16              |    37 |
+--------------------+-------+
* Control sets can be remapped at either synth_design or opt_design


3. Flip-Flop Distribution
-------------------------

+--------------+-----------------------+------------------------+-----------------+--------------+
| Clock Enable | Synchronous Set/Reset | Asynchronous Set/Reset | Total Registers | Total Slices |
+--------------+-----------------------+------------------------+-----------------+--------------+
| No           | No                    | No                     |              58 |           33 |
| No           | No                    | Yes                    |               4 |            2 |
| No           | Yes                   | No                     |             453 |          204 |
| Yes          | No                    | No                     |             185 |           77 |
| Yes          | No                    | Yes                    |               0 |            0 |
| Yes          | Yes                   | No                     |            2045 |          833 |
+--------------+-----------------------+------------------------+-----------------+--------------+


4. Detailed Control Set Information
-----------------------------------

+------------------------+------------------------------------------------------------------------------------------------------+------------------------------------------------------------------------------+------------------+----------------+
|      Clock Signal      |                                             Enable Signal                                            |                               Set/Reset Signal                               | Slice Load Count | Bel Load Count |
+------------------------+------------------------------------------------------------------------------------------------------+------------------------------------------------------------------------------+------------------+----------------+
|  sys_clk/inst/clk_out1 | sigma/sigma_tile/riscv/gensticky_genpsticky_glbl_regfile[1][31]_i_1_n_0                              | sigma/sigma_tile/sfr/core_reset_o_reg_0_repN_8                               |                1 |              1 |
|  sys_clk/inst/clk_out1 | sigma/sigma_tile/riscv/gensticky_genpsticky_glbl_regfile[30][31]_i_1_n_0                             | sigma/sigma_tile/sfr/core_reset_o_reg_0_repN_4                               |                1 |              1 |
|  sys_clk/inst/clk_out1 | sigma/sigma_tile/riscv/gensticky_genpsticky_glbl_regfile[11][31]_i_1_n_0                             | sigma/sigma_tile/sfr/core_reset_o_reg_0_repN_2                               |                1 |              1 |
|  sys_clk/inst/clk_out1 | sigma/sigma_tile/riscv/gensticky_genpsticky_glbl_regfile[30][31]_i_1_n_0                             | sigma/sigma_tile/sfr/core_reset_o_reg_0_repN                                 |                1 |              1 |
|  sys_clk/inst/clk_out1 | sigma/sigma_tile/riscv/gensticky_genpsticky_glbl_regfile[29][31]_i_1_n_0                             | sigma/sigma_tile/sfr/core_reset_o_reg_0_repN                                 |                1 |              1 |
|  sys_clk/inst/clk_out1 | sigma/sigma_tile/riscv/gensticky_genpsticky_glbl_regfile[19][31]_i_1_n_0                             | sigma/sigma_tile/sfr/core_reset_o_reg_0_repN                                 |                1 |              1 |
|  sys_clk/inst/clk_out1 | sigma/sigma_tile/riscv/gensticky_genpsticky_glbl_regfile[22][31]_i_1_n_0                             | sigma/sigma_tile/sfr/core_reset_o_reg_0_repN_7                               |                1 |              1 |
|  sys_clk/inst/clk_out1 | sigma/sigma_tile/riscv/gensticky_genpsticky_glbl_regfile[11][31]_i_1_n_0                             | sigma/sigma_tile/sfr/core_reset_o_reg_0_repN_8                               |                1 |              1 |
|  sys_clk/inst/clk_out1 | sigma/sigma_tile/riscv/gensticky_genpsticky_glbl_regfile[18][31]_i_1_n_0                             | sigma/sigma_tile/sfr/core_reset_o_reg_0_repN                                 |                1 |              1 |
|  sys_clk/inst/clk_out1 | sigma/sigma_tile/riscv/gensticky_genpsticky_glbl_regfile[24][31]_i_1_n_0                             | sigma/sigma_tile/sfr/core_reset_o_reg_0_repN                                 |                1 |              1 |
|  sys_clk/inst/clk_out1 | sigma/sigma_tile/riscv/gensticky_genpsticky_glbl_regfile[16][31]_i_1_n_0                             | sigma/sigma_tile/sfr/core_reset_o_reg_0_repN                                 |                1 |              1 |
|  sys_clk/inst/clk_out1 |                                                                                                      | sigma/sigma_tile/sfr/core_reset_o_reg_0                                      |                1 |              1 |
|  sys_clk/inst/clk_out1 | sigma/sigma_tile/riscv/gensticky_genpsticky_glbl_regfile[3][31]_i_1_n_0                              | sigma/sigma_tile/sfr/core_reset_o_reg_0_repN_2                               |                1 |              1 |
|  sys_clk/inst/clk_out1 | sigma/sigma_tile/riscv/gensticky_genpsticky_glbl_regfile[28][31]_i_1_n_0                             | sigma/sigma_tile/sfr/core_reset_o_reg_0_repN                                 |                1 |              1 |
|  sys_clk/inst/clk_out1 | sigma/sigma_tile/riscv/gensticky_genpsticky_glbl_regfile[9][31]_i_1_n_0                              | sigma/sigma_tile/sfr/core_reset_o_reg_0_repN_6                               |                1 |              1 |
|  sys_clk/inst/clk_out1 | sigma/sigma_tile/riscv/gensticky_genpsticky_glbl_regfile[12][31]_i_1_n_0                             | sigma/sigma_tile/sfr/core_reset_o_reg_0_repN_2                               |                1 |              1 |
|  sys_clk/inst/clk_out1 | sigma/sigma_tile/riscv/gensticky_genpsticky_glbl_regfile[3][31]_i_1_n_0                              | sigma/sigma_tile/sfr/core_reset_o_reg_0_repN_8                               |                1 |              1 |
|  sys_clk/inst/clk_out1 |                                                                                                      | sigma/sigma_tile/sfr/core_reset_o_reg_0_repN_9                               |                1 |              1 |
|  sys_clk/inst/clk_out1 | sigma/sigma_tile/riscv/gensticky_genpsticky_glbl_regfile[26][31]_i_1_n_0                             | sigma/sigma_tile/sfr/core_reset_o_reg_0_repN                                 |                1 |              1 |
|  sys_clk/inst/clk_out1 | sigma/sigma_tile/riscv/gensticky_genpsticky_glbl_regfile[21][31]_i_1_n_0                             | sigma/sigma_tile/sfr/core_reset_o_reg_0_repN_8                               |                1 |              1 |
|  sys_clk/inst/clk_out1 | sigma/sigma_tile/riscv/gensticky_genpsticky_glbl_regfile[20][31]_i_1_n_0                             | sigma/sigma_tile/sfr/core_reset_o_reg_0_repN_8                               |                1 |              1 |
|  sys_clk/inst/clk_out1 | sigma/sigma_tile/riscv/gensticky_genpsticky_glbl_regfile[2][31]_i_1_n_0                              | sigma/sigma_tile/sfr/core_reset_o_reg_0_repN_2                               |                1 |              1 |
|  sys_clk/inst/clk_out1 | sigma/sigma_tile/riscv/gensticky_genpsticky_glbl_regfile[25][31]_i_1_n_0                             | sigma/sigma_tile/sfr/core_reset_o_reg_0_repN                                 |                1 |              1 |
|  sys_clk/inst/clk_out1 | sigma/sigma_tile/riscv/gensticky_genpsticky_glbl_regfile[9][31]_i_1_n_0                              | sigma/sigma_tile/sfr/core_reset_o_reg_0_repN_2                               |                1 |              1 |
|  sys_clk/inst/clk_out1 | sigma/sigma_tile/riscv/gensticky_genpsticky_glbl_regfile[23][31]_i_1_n_0                             | sigma/sigma_tile/sfr/core_reset_o_reg_0_repN                                 |                1 |              1 |
|  sys_clk/inst/clk_out1 | sigma/sigma_tile/riscv/gensticky_genpsticky_glbl_regfile[5][31]_i_1_n_0                              | sigma/sigma_tile/sfr/core_reset_o_reg_0_repN                                 |                1 |              1 |
|  sys_clk/inst/clk_out1 | sigma/sigma_tile/riscv/gensticky_genpsticky_glbl_regfile[31][31]_i_1_n_0                             | sigma/sigma_tile/sfr/core_reset_o_reg_0_repN                                 |                1 |              1 |
|  sys_clk/inst/clk_out1 | sigma/sigma_tile/riscv/gensticky_genpsticky_glbl_regfile[2][31]_i_1_n_0                              | sigma/sigma_tile/sfr/core_reset_o_reg_0_repN_8                               |                1 |              1 |
|  sys_clk/inst/clk_out1 | sigma/sigma_tile/riscv/gensticky_genpsticky_glbl_regfile[1][31]_i_1_n_0                              | sigma/sigma_tile/sfr/core_reset_o_reg_0_repN_2                               |                1 |              1 |
|  sys_clk/inst/clk_out1 | sigma/sigma_tile/riscv/gensticky_genpsticky_glbl_regfile[6][31]_i_1_n_0                              | sigma/sigma_tile/sfr/core_reset_o_reg_0_repN                                 |                1 |              1 |
|  sys_clk/inst/clk_out1 | sigma/sigma_tile/riscv/gensticky_genpsticky_glbl_regfile[28][31]_i_1_n_0                             | sigma/sigma_tile/sfr/core_reset_o_reg_0_repN_8                               |                1 |              1 |
|  sys_clk/inst/clk_out1 | sigma/udm/uart_tx/tx_o_i_1_n_0                                                                       | sigma/reset_sync/Q[0]                                                        |                1 |              1 |
|  sys_clk/inst/clk_out1 | sigma/sigma_tile/riscv/gensticky_genpsticky_glbl_regfile[11][31]_i_1_n_0                             | sigma/sigma_tile/sfr/core_reset_o_reg_0_repN                                 |                1 |              1 |
|  sys_clk/inst/clk_out1 | sigma/sigma_tile/riscv/gensticky_genpsticky_glbl_regfile[8][31]_i_1_n_0                              | sigma/sigma_tile/sfr/core_reset_o_reg_0_repN_8                               |                1 |              1 |
|  sys_clk/inst/clk_out1 | sigma/sigma_tile/riscv/gensticky_genpsticky_glbl_regfile[28][31]_i_1_n_0                             | sigma/sigma_tile/sfr/core_reset_o_reg_0_repN_7                               |                1 |              1 |
|  sys_clk/inst/clk_out1 | sigma/sigma_tile/riscv/gensticky_genpsticky_glbl_regfile[10][31]_i_1_n_0                             | sigma/sigma_tile/sfr/core_reset_o_reg_0_repN_8                               |                1 |              1 |
|  sys_clk/inst/clk_out1 | sigma/sigma_tile/riscv/gensticky_genpsticky_glbl_regfile[10][31]_i_1_n_0                             | sigma/sigma_tile/sfr/core_reset_o_reg_0_repN                                 |                1 |              1 |
|  sys_clk/inst/clk_out1 | sigma/sigma_tile/riscv/gensticky_genpsticky_glbl_regfile[7][31]_i_1_n_0                              | sigma/sigma_tile/sfr/core_reset_o_reg_0_repN                                 |                1 |              1 |
|  sys_clk/inst/clk_out1 | sigma/sigma_tile/riscv/gensticky_genpstage_WB_TRX_BUF[0][genmcopipe_handle_data_mem][tid][0]_i_1_n_0 | sigma/sigma_tile/sfr/core_reset_o_reg_0_repN_5                               |                1 |              2 |
|  sys_clk/inst/clk_out1 | sigma/sigma_tile/riscv/gensticky_genpsticky_glbl_regfile[18][31]_i_1_n_0                             | sigma/sigma_tile/sfr/core_reset_o_reg_0_repN_8                               |                1 |              2 |
|  sys_clk/inst/clk_out1 | sigma/sigma_tile/riscv/gensticky_genpsticky_glbl_regfile[26][31]_i_1_n_0                             | sigma/sigma_tile/sfr/core_reset_o_reg_0_repN_8                               |                1 |              2 |
|  sys_clk/inst/clk_out1 | sigma/sigma_tile/riscv/gensticky_genpsticky_glbl_regfile[29][31]_i_1_n_0                             | sigma/sigma_tile/sfr/core_reset_o_reg_0_repN_7                               |                2 |              2 |
|  sys_clk/inst/clk_out1 | sigma/sigma_tile/riscv/gensticky_genpsticky_glbl_regfile[26][31]_i_1_n_0                             | sigma/sigma_tile/sfr/core_reset_o_reg_0_repN_7                               |                2 |              2 |
|  sys_clk/inst/clk_out1 | sigma/sigma_tile/riscv/gensticky_genpsticky_glbl_regfile[20][31]_i_1_n_0                             | sigma/sigma_tile/sfr/core_reset_o_reg_0_repN_4                               |                2 |              2 |
|  sys_clk/inst/clk_out1 | sigma/sigma_tile/riscv/gensticky_genpsticky_glbl_regfile[21][31]_i_1_n_0                             | sigma/sigma_tile/sfr/core_reset_o_reg_0_repN_9                               |                1 |              2 |
|  sys_clk/inst/clk_out1 | sigma/sigma_tile/riscv/gensticky_genpsticky_glbl_regfile[2][31]_i_1_n_0                              | sigma/sigma_tile/sfr/core_reset_o_reg_0_repN_7                               |                1 |              2 |
|  sys_clk/inst/clk_out1 | sigma/sigma_tile/riscv/gensticky_genpsticky_glbl_regfile[21][31]_i_1_n_0                             | sigma/sigma_tile/sfr/core_reset_o_reg_0_repN                                 |                2 |              2 |
|  sys_clk/inst/clk_out1 | sigma/sigma_tile/riscv/gensticky_genpsticky_glbl_regfile[19][31]_i_1_n_0                             | sigma/sigma_tile/sfr/core_reset_o_reg_0_repN_8                               |                1 |              2 |
|  sys_clk/inst/clk_out1 | sigma/sigma_tile/riscv/gensticky_genpsticky_glbl_regfile[1][31]_i_1_n_0                              | sigma/sigma_tile/sfr/core_reset_o_reg_0_repN_7                               |                1 |              2 |
|  sys_clk/inst/clk_out1 | sigma/sigma_tile/riscv/gensticky_genpstage_MEM_TRX_BUF_COUNTER_NEMPTY[0]_i_1_n_0                     | sigma/sigma_tile/sfr/core_reset_o_reg_0_repN_4                               |                1 |              2 |
|  sys_clk/inst/clk_out1 | sigma/sigma_tile/riscv/gensticky_genpsticky_glbl_regfile[19][31]_i_1_n_0                             | sigma/sigma_tile/sfr/core_reset_o_reg_0_repN_7                               |                2 |              2 |
|  sys_clk/inst/clk_out1 | sigma/sigma_tile/riscv/gensticky_genpsticky_glbl_regfile[7][31]_i_1_n_0                              | sigma/sigma_tile/sfr/core_reset_o_reg_0_repN_2                               |                1 |              2 |
|  sys_clk/inst/clk_out1 | sigma/sigma_tile/riscv/gensticky_genpsticky_glbl_regfile[6][31]_i_1_n_0                              | sigma/sigma_tile/sfr/core_reset_o_reg_0_repN_2                               |                1 |              2 |
|  sys_clk/inst/clk_out1 | sigma/sigma_tile/riscv/gensticky_genpsticky_glbl_regfile[8][31]_i_1_n_0                              | sigma/sigma_tile/sfr/core_reset_o_reg_0_repN_2                               |                2 |              2 |
|  sys_clk/inst/clk_out1 | sigma/sigma_tile/riscv/gensticky_genpsticky_glbl_regfile[9][31]_i_1_n_0                              | sigma/sigma_tile/sfr/core_reset_o_reg_0_repN_8                               |                1 |              2 |
|  sys_clk/inst/clk_out1 | sigma/sigma_tile/riscv/gensticky_genpsticky_glbl_regfile[20][31]_i_1_n_0                             | sigma/sigma_tile/sfr/core_reset_o_reg_0_repN                                 |                1 |              2 |
|  sys_clk/inst/clk_out1 | sigma/sigma_tile/riscv/gensticky_genpsticky_glbl_regfile[13][31]_i_1_n_0                             | sigma/sigma_tile/sfr/core_reset_o_reg_0_repN_8                               |                1 |              2 |
|  sys_clk/inst/clk_out1 | sigma/sigma_tile/riscv/gensticky_genpsticky_glbl_regfile[9][31]_i_1_n_0                              | sigma/sigma_tile/sfr/core_reset_o_reg_0_repN                                 |                1 |              2 |
|  sys_clk/inst/clk_out1 | sigma/sigma_tile/riscv/gensticky_genpsticky_glbl_regfile[4][31]_i_1_n_0                              | sigma/sigma_tile/sfr/core_reset_o_reg_0_repN_8                               |                1 |              2 |
|  sys_clk/inst/clk_out1 | sigma/sigma_tile/riscv/gensticky_genpsticky_glbl_regfile[4][31]_i_1_n_0                              | sigma/sigma_tile/sfr/core_reset_o_reg_0_repN_7                               |                1 |              2 |
|  sys_clk/inst/clk_out1 | sigma/sigma_tile/riscv/gensticky_genpsticky_glbl_regfile[4][31]_i_1_n_0                              | sigma/sigma_tile/sfr/core_reset_o_reg_0_repN                                 |                2 |              2 |
|  sys_clk/inst/clk_out1 | sigma/sigma_tile/riscv/gensticky_genpsticky_glbl_regfile[10][31]_i_1_n_0                             | sigma/sigma_tile/sfr/core_reset_o_reg_0_repN_6                               |                1 |              2 |
|  sys_clk/inst/clk_out1 | sigma/sigma_tile/riscv/gensticky_genpsticky_glbl_regfile[4][31]_i_1_n_0                              | sigma/sigma_tile/sfr/core_reset_o_reg_0_repN_2                               |                2 |              2 |
|  sys_clk/inst/clk_out1 | sigma/sigma_tile/riscv/gensticky_genpsticky_glbl_regfile[31][31]_i_1_n_0                             | sigma/sigma_tile/sfr/core_reset_o_reg_0_repN_7                               |                2 |              2 |
|  sys_clk/inst/clk_out1 | sigma/sigma_tile/riscv/gensticky_genpsticky_glbl_regfile[17][31]_i_1_n_0                             | sigma/sigma_tile/sfr/core_reset_o_reg_0_repN_7                               |                2 |              2 |
|  sys_clk/inst/clk_out1 | sigma/sigma_tile/riscv/gensticky_genpsticky_glbl_regfile[14][31]_i_1_n_0                             | sigma/sigma_tile/sfr/core_reset_o_reg_0_repN_2                               |                2 |              2 |
|  sys_clk/inst/clk_out1 | sigma/sigma_tile/riscv/gensticky_genpsticky_glbl_regfile[14][31]_i_1_n_0                             | sigma/sigma_tile/sfr/core_reset_o_reg_0_repN                                 |                1 |              2 |
|  sys_clk/inst/clk_out1 | sigma/sigma_tile/riscv/gensticky_genpsticky_glbl_regfile[5][31]_i_1_n_0                              | sigma/sigma_tile/sfr/core_reset_o_reg_0_repN_2                               |                2 |              2 |
|  sys_clk/inst/clk_out1 | sigma/sigma_tile/riscv/gensticky_genpsticky_glbl_regfile[3][31]_i_1_n_0                              | sigma/sigma_tile/sfr/core_reset_o_reg_0_repN_6                               |                1 |              2 |
|  sys_clk/inst/clk_out1 | sigma/sigma_tile/riscv/gensticky_genpsticky_glbl_regfile[23][31]_i_1_n_0                             | sigma/sigma_tile/sfr/core_reset_o_reg_0_repN_7                               |                2 |              2 |
|  sys_clk/inst/clk_out1 | sigma/sigma_tile/riscv/gensticky_genpsticky_glbl_regfile[14][31]_i_1_n_0                             | sigma/sigma_tile/sfr/core_reset_o_reg_0_repN_8                               |                1 |              2 |
|  sys_clk/inst/clk_out1 | sigma/sigma_tile/riscv/gensticky_genpsticky_glbl_regfile[15][31]_i_1_n_0                             | sigma/sigma_tile/sfr/core_reset_o_reg_0_repN_2                               |                1 |              2 |
|  sys_clk/inst/clk_out1 | sigma/sigma_tile/riscv/gensticky_genpsticky_glbl_regfile[27][31]_i_1_n_0                             | sigma/sigma_tile/sfr/core_reset_o_reg_0_repN_7                               |                2 |              2 |
|  sys_clk/inst/clk_out1 | sigma/sigma_tile/riscv/gensticky_genpsticky_glbl_regfile[27][31]_i_1_n_0                             | sigma/sigma_tile/sfr/core_reset_o_reg_0_repN_4                               |                2 |              2 |
|  sys_clk/inst/clk_out1 | sigma/sigma_tile/riscv/gensticky_genpsticky_glbl_regfile[24][31]_i_1_n_0                             | sigma/sigma_tile/sfr/core_reset_o_reg_0_repN_8                               |                1 |              2 |
|  sys_clk/inst/clk_out1 | sigma/sigma_tile/riscv/gensticky_genpsticky_glbl_regfile[15][31]_i_1_n_0                             | sigma/sigma_tile/sfr/core_reset_o_reg_0_repN_8                               |                1 |              2 |
|  sys_clk/inst/clk_out1 | sigma/sigma_tile/riscv/gensticky_genpstage_WB_TRX_BUF[0][genmcopipe_handle_data_mem][tid][0]_i_1_n_0 | sigma/sigma_tile/sfr/core_reset_o_reg_0_repN_8                               |                1 |              2 |
|  sys_clk/inst/clk_out1 | sigma/sigma_tile/riscv/gensticky_genpsticky_glbl_regfile[24][31]_i_1_n_0                             | sigma/sigma_tile/sfr/core_reset_o_reg_0_repN_7                               |                2 |              2 |
|  sys_clk/inst/clk_out1 | sigma/sigma_tile/riscv/gensticky_genpsticky_glbl_regfile[16][31]_i_1_n_0                             | sigma/sigma_tile/sfr/core_reset_o_reg_0_repN_4                               |                1 |              2 |
|  sys_clk/inst/clk_out1 | sigma/sigma_tile/riscv/gensticky_genpsticky_glbl_regfile[25][31]_i_1_n_0                             | sigma/sigma_tile/sfr/core_reset_o_reg_0_repN_8                               |                1 |              2 |
|  sys_clk/inst/clk_out1 | sigma/sigma_tile/riscv/gensticky_genpsticky_glbl_regfile[30][31]_i_1_n_0                             | sigma/sigma_tile/sfr/core_reset_o_reg_0_repN_8                               |                2 |              2 |
|  sys_clk/inst/clk_out1 | sigma/sigma_tile/riscv/gensticky_genpsticky_glbl_regfile[18][31]_i_1_n_0                             | sigma/sigma_tile/sfr/core_reset_o_reg_0_repN_7                               |                1 |              2 |
|  sys_clk/inst/clk_out1 | sigma/sigma_tile/riscv/gensticky_genpsticky_glbl_regfile[10][31]_i_1_n_0                             | sigma/sigma_tile/sfr/core_reset_o_reg_0_repN_2                               |                2 |              3 |
|  sys_clk/inst/clk_out1 | sigma/sigma_tile/riscv/gensticky_genpsticky_glbl_regfile[7][31]_i_1_n_0                              | sigma/sigma_tile/sfr/core_reset_o_reg_0_repN_7                               |                1 |              3 |
|  sys_clk/inst/clk_out1 | sigma/sigma_tile/riscv/gensticky_genpsticky_glbl_regfile[20][31]_i_1_n_0                             | sigma/sigma_tile/sfr/core_reset_o_reg_0_repN_7                               |                3 |              3 |
|  sys_clk/inst/clk_out1 | sigma/sigma_tile/riscv/gensticky_genpsticky_glbl_regfile[12][31]_i_1_n_0                             | sigma/sigma_tile/sfr/core_reset_o_reg_0_repN_6                               |                2 |              3 |
|  sys_clk/inst/clk_out1 | sigma/sigma_tile/riscv/gensticky_genpsticky_glbl_regfile[4][31]_i_1_n_0                              | sigma/sigma_tile/sfr/core_reset_o_reg_0_repN_5                               |                2 |              3 |
|  sys_clk/inst/clk_out1 | sigma/sigma_tile/riscv/gensticky_genpsticky_glbl_regfile[25][31]_i_1_n_0                             | sigma/sigma_tile/sfr/core_reset_o_reg_0_repN_2                               |                2 |              3 |
|  sys_clk/inst/clk_out1 | sigma/sigma_tile/riscv/gensticky_genpsticky_glbl_regfile[12][31]_i_1_n_0                             | sigma/sigma_tile/sfr/core_reset_o_reg_0_repN_5                               |                1 |              3 |
|  sys_clk/inst/clk_out1 | sigma/sigma_tile/riscv/gensticky_genpsticky_glbl_regfile[13][31]_i_1_n_0                             | sigma/sigma_tile/sfr/core_reset_o_reg_0_repN_9                               |                1 |              3 |
|  sys_clk/inst/clk_out1 | sigma/sigma_tile/riscv/gensticky_genpsticky_glbl_regfile[15][31]_i_1_n_0                             | sigma/sigma_tile/sfr/core_reset_o_reg_0_repN                                 |                2 |              3 |
|  sys_clk/inst/clk_out1 | sigma/sigma_tile/riscv/gensticky_genpsticky_glbl_regfile[12][31]_i_1_n_0                             | sigma/sigma_tile/sfr/core_reset_o_reg_0_repN                                 |                1 |              3 |
|  sys_clk/inst/clk_out1 | sigma/sigma_tile/riscv/gensticky_genpsticky_glbl_regfile[7][31]_i_1_n_0                              | sigma/sigma_tile/sfr/core_reset_o_reg_0_repN_6                               |                1 |              3 |
|  sys_clk/inst/clk_out1 | sigma/sigma_tile/riscv/gensticky_genpsticky_glbl_regfile[15][31]_i_1_n_0                             | sigma/sigma_tile/sfr/core_reset_o_reg_0_repN_7                               |                2 |              3 |
|  sys_clk/inst/clk_out1 | sigma/sigma_tile/riscv/gensticky_genpsticky_glbl_regfile[27][31]_i_1_n_0                             | sigma/sigma_tile/sfr/core_reset_o_reg_0_repN_2                               |                2 |              3 |
|  sys_clk/inst/clk_out1 | sigma/sigma_tile/riscv/gensticky_genpsticky_glbl_regfile[23][31]_i_1_n_0                             | sigma/sigma_tile/sfr/core_reset_o_reg_0_repN_5                               |                1 |              3 |
|  sys_clk/inst/clk_out1 | sigma/sigma_tile/riscv/gensticky_genpstage_MEM_TRX_BUF_COUNTER_NEMPTY[0]_i_1_n_0                     | sigma/sigma_tile/sfr/core_reset_o_reg_0_repN_5                               |                1 |              3 |
|  sys_clk/inst/clk_out1 | sigma/sigma_tile/riscv/gensticky_genpsticky_glbl_regfile[11][31]_i_1_n_0                             | sigma/sigma_tile/sfr/core_reset_o_reg_0_repN_6                               |                2 |              3 |
|  sys_clk/inst/clk_out1 | sigma/sigma_tile/riscv/gensticky_genpsticky_glbl_regfile[29][31]_i_1_n_0                             | sigma/sigma_tile/sfr/core_reset_o_reg_0_repN_8                               |                2 |              3 |
|  sys_clk/inst/clk_out1 | sigma/sigma_tile/riscv/gensticky_genpsticky_glbl_regfile[13][31]_i_1_n_0                             | sigma/sigma_tile/sfr/core_reset_o_reg_0_repN                                 |                2 |              3 |
|  sys_clk/inst/clk_out1 | sigma/sigma_tile/riscv/gensticky_genpsticky_glbl_regfile[21][31]_i_1_n_0                             | sigma/sigma_tile/sfr/core_reset_o_reg_0_repN_4                               |                1 |              3 |
|  sys_clk/inst/clk_out1 | sigma/sigma_tile/riscv/gensticky_genpsticky_glbl_regfile[16][31]_i_1_n_0                             | sigma/sigma_tile/sfr/core_reset_o_reg_0_repN_7                               |                3 |              3 |
|  sys_clk/inst/clk_out1 | sigma/sigma_tile/riscv/gensticky_genpsticky_glbl_regfile[29][31]_i_1_n_0                             | sigma/sigma_tile/sfr/core_reset_o_reg_0_repN_9                               |                3 |              3 |
|  sys_clk/inst/clk_out1 | sigma/sigma_tile/riscv/gensticky_genpsticky_glbl_regfile[16][31]_i_1_n_0                             | sigma/sigma_tile/sfr/core_reset_o_reg_0_repN_9                               |                1 |              3 |
|  sys_clk/inst/clk_out1 | sigma/sigma_tile/riscv/gensticky_genpsticky_glbl_regfile[21][31]_i_1_n_0                             | sigma/sigma_tile/sfr/core_reset_o_reg_0_repN_7                               |                1 |              3 |
|  sys_clk/inst/clk_out1 | sigma/sigma_tile/riscv/gensticky_genpsticky_glbl_regfile[17][31]_i_1_n_0                             | sigma/sigma_tile/sfr/core_reset_o_reg_0_repN_8                               |                3 |              3 |
|  sys_clk/inst/clk_out1 | sigma/sigma_tile/riscv/gensticky_genpsticky_glbl_regfile[26][31]_i_1_n_0                             | sigma/sigma_tile/sfr/core_reset_o_reg_0_repN_9                               |                1 |              3 |
|  sys_clk/inst/clk_out1 | sigma/sigma_tile/riscv/gensticky_genpsticky_glbl_regfile[23][31]_i_1_n_0                             | sigma/sigma_tile/sfr/core_reset_o_reg_0_repN_8                               |                1 |              3 |
|  sys_clk/inst/clk_out1 | sigma/sigma_tile/riscv/gensticky_genpsticky_glbl_regfile[30][31]_i_1_n_0                             | sigma/sigma_tile/sfr/core_reset_o_reg_0_repN_9                               |                1 |              3 |
|  sys_clk/inst/clk_out1 | sigma/sigma_tile/riscv/gensticky_genpsticky_glbl_regfile[6][31]_i_1_n_0                              | sigma/sigma_tile/sfr/core_reset_o_reg_0_repN_5                               |                2 |              3 |
|  sys_clk/inst/clk_out1 | sigma/sigma_tile/riscv/gensticky_genpsticky_glbl_regfile[30][31]_i_1_n_0                             | sigma/sigma_tile/sfr/core_reset_o_reg_0_repN_7                               |                3 |              3 |
|  sys_clk/inst/clk_out1 | sigma/sigma_tile/riscv/gensticky_genpsticky_glbl_regfile[18][31]_i_1_n_0                             | sigma/sigma_tile/sfr/core_reset_o_reg_0_repN_5                               |                1 |              4 |
|  sys_clk/inst/clk_out1 | sigma/sigma_tile/riscv/gensticky_genpsticky_glbl_regfile[20][31]_i_1_n_0                             | sigma/sigma_tile/sfr/core_reset_o_reg_0_repN_2                               |                1 |              4 |
|  sys_clk/inst/clk_out1 | sigma/sigma_tile/riscv/gensticky_genpsticky_glbl_regfile[2][31]_i_1_n_0                              | sigma/sigma_tile/sfr/core_reset_o_reg_0_repN_5                               |                4 |              4 |
|  sys_clk/inst/clk_out1 | sigma/sigma_tile/riscv/gensticky_genpsticky_glbl_regfile[22][31]_i_1_n_0                             | sigma/sigma_tile/sfr/core_reset_o_reg_0_repN_2                               |                1 |              4 |
|  sys_clk/inst/clk_out1 | sigma/sigma_tile/riscv/gensticky_genpsticky_glbl_regfile[6][31]_i_1_n_0                              | sigma/sigma_tile/sfr/core_reset_o_reg_0_repN_7                               |                2 |              4 |
|  sys_clk/inst/clk_out1 | sigma/sigma_tile/riscv/gensticky_genpsticky_glbl_regfile[25][31]_i_1_n_0                             | sigma/sigma_tile/sfr/core_reset_o_reg_0_repN_4                               |                4 |              4 |
|  sys_clk/inst/clk_out1 | sigma/sigma_tile/riscv/gensticky_genpsticky_glbl_regfile[25][31]_i_1_n_0                             | sigma/sigma_tile/sfr/core_reset_o_reg_0_repN_7                               |                2 |              4 |
|  sys_clk/inst/clk_out1 | sigma/sigma_tile/riscv/gensticky_genpsticky_glbl_regfile[28][31]_i_1_n_0                             | sigma/sigma_tile/sfr/core_reset_o_reg_0_repN_4                               |                3 |              4 |
|  sys_clk/inst/clk_out1 | sigma/sigma_tile/riscv/gensticky_genpsticky_glbl_regfile[19][31]_i_1_n_0                             | sigma/sigma_tile/sfr/core_reset_o_reg_0_repN_5                               |                1 |              4 |
|  sys_clk/inst/clk_out1 | sigma/sigma_tile/riscv/gensticky_genpsticky_glbl_regfile[21][31]_i_1_n_0                             | sigma/sigma_tile/sfr/core_reset_o_reg_0_repN_5                               |                2 |              4 |
|  sys_clk/inst/clk_out1 | sigma/sigma_tile/riscv/gensticky_genpsticky_glbl_regfile[26][31]_i_1_n_0                             | sigma/sigma_tile/sfr/core_reset_o_reg_0_repN_4                               |                3 |              4 |
|  sys_clk/inst/clk_out1 | sigma/sigma_tile/riscv/gensticky_genpsticky_glbl_regfile[24][31]_i_1_n_0                             | sigma/sigma_tile/sfr/core_reset_o_reg_0_repN_4                               |                2 |              4 |
|  sys_clk/inst/clk_out1 |                                                                                                      | sigma/reset_sync/arst                                                        |                2 |              4 |
|  sys_clk/inst/clk_out1 | sigma/sigma_tile/riscv/gensticky_genpsticky_glbl_regfile[24][31]_i_1_n_0                             | sigma/sigma_tile/sfr/core_reset_o_reg_0_repN_9                               |                3 |              4 |
|  sys_clk/inst/clk_out1 | sigma/sigma_tile/riscv/gensticky_genpsticky_glbl_regfile[27][31]_i_1_n_0                             | sigma/sigma_tile/sfr/core_reset_o_reg_0_repN_9                               |                2 |              4 |
|  sys_clk/inst/clk_out1 | sigma/sigma_tile/riscv/gensticky_genpsticky_glbl_regfile[5][31]_i_1_n_0                              | sigma/sigma_tile/sfr/core_reset_o_reg_0_repN_5                               |                1 |              4 |
|  sys_clk/inst/clk_out1 | sigma/sigma_tile/riscv/gensticky_genpsticky_glbl_regfile[5][31]_i_1_n_0                              | sigma/sigma_tile/sfr/core_reset_o_reg_0_repN_7                               |                4 |              4 |
|  sys_clk/inst/clk_out1 | sigma/sigma_tile/riscv/gensticky_genpsticky_glbl_regfile[5][31]_i_1_n_0                              | sigma/sigma_tile/sfr/core_reset_o_reg_0_repN_6                               |                2 |              4 |
|  sys_clk/inst/clk_out1 | sigma/sigma_tile/riscv/gensticky_genpsticky_glbl_regfile[31][31]_i_1_n_0                             | sigma/sigma_tile/sfr/core_reset_o_reg_0_repN_2                               |                2 |              4 |
|  sys_clk/inst/clk_out1 | sigma/sigma_tile/riscv/gensticky_genpsticky_glbl_regfile[31][31]_i_1_n_0                             | sigma/sigma_tile/sfr/core_reset_o_reg_0_repN_4                               |                3 |              4 |
|  sys_clk/inst/clk_out1 | sigma/sigma_tile/riscv/gensticky_genpsticky_glbl_regfile[31][31]_i_1_n_0                             | sigma/sigma_tile/sfr/core_reset_o_reg_0_repN_8                               |                1 |              4 |
|  sys_clk/inst/clk_out1 | sigma/sigma_tile/riscv/gensticky_genpsticky_glbl_regfile[8][31]_i_1_n_0                              | sigma/sigma_tile/sfr/core_reset_o_reg_0_repN                                 |                1 |              4 |
|  sys_clk/inst/clk_out1 | sigma/sigma_tile/riscv/gensticky_genpsticky_glbl_regfile[8][31]_i_1_n_0                              | sigma/sigma_tile/sfr/core_reset_o_reg_0_repN_5                               |                1 |              4 |
|  sys_clk/inst/clk_out1 | sigma/sigma_tile/riscv/gensticky_genpsticky_glbl_regfile[8][31]_i_1_n_0                              | sigma/sigma_tile/sfr/core_reset_o_reg_0_repN_4                               |                2 |              4 |
|  sys_clk/inst/clk_out1 | sigma/udm/uart_rx/FSM_sequential_state[3]_i_1_n_0                                                    | sigma/reset_sync/Q[0]                                                        |                2 |              4 |
|  sys_clk/inst/clk_out1 | sigma/sigma_tile/riscv/gensticky_genpsticky_glbl_regfile[8][31]_i_1_n_0                              | sigma/sigma_tile/sfr/core_reset_o_reg_0_repN_6                               |                3 |              4 |
|  sys_clk/inst/clk_out1 | sigma/sigma_tile/riscv/gensticky_genpsticky_glbl_regfile[7][31]_i_1_n_0                              | sigma/sigma_tile/sfr/core_reset_o_reg_0_repN_5                               |                2 |              4 |
|  sys_clk/inst/clk_out1 | sigma/sigma_tile/riscv/E[0]                                                                          | sigma/reset_sync/SR[0]                                                       |                1 |              4 |
|  sys_clk/inst/clk_out1 | sigma/sigma_tile/riscv/gensticky_genpstage_MEM_TRX_BUF_COUNTER_NEMPTY[0]_i_1_n_0                     | sigma/sigma_tile/sfr/core_reset_o_reg_0_repN_9                               |                1 |              4 |
|  sys_clk/inst/clk_out1 | sigma/sigma_tile/riscv/gensticky_genpsticky_glbl_regfile[29][31]_i_1_n_0                             | sigma/sigma_tile/sfr/core_reset_o_reg_0_repN_4                               |                3 |              4 |
|  sys_clk/inst/clk_out1 | sigma/sigma_tile/riscv/gensticky_genpstage_WB_TRX_BUF[0][genmcopipe_handle_data_mem][tid][0]_i_1_n_0 | sigma/sigma_tile/sfr/core_reset_o_reg_0_repN_6                               |                1 |              4 |
|  sys_clk/inst/clk_out1 | sigma/sigma_tile/riscv/gensticky_genpsticky_glbl_regfile[12][31]_i_1_n_0                             | sigma/sigma_tile/sfr/core_reset_o_reg_0_repN_8                               |                1 |              4 |
|  sys_clk/inst/clk_out1 | sigma/sigma_tile/riscv/gensticky_genpsticky_glbl_regfile[13][31]_i_1_n_0                             | sigma/sigma_tile/sfr/core_reset_o_reg_0_repN_5                               |                2 |              4 |
|  sys_clk/inst/clk_out1 | sigma/sigma_tile/riscv/gensticky_genpsticky_glbl_regfile[11][31]_i_1_n_0                             | sigma/sigma_tile/sfr/core_reset_o_reg_0_repN_5                               |                3 |              4 |
|  sys_clk/inst/clk_out1 | sigma/sigma_tile/riscv/gensticky_genpsticky_glbl_regfile[17][31]_i_1_n_0                             | sigma/sigma_tile/sfr/core_reset_o_reg_0_repN_2                               |                1 |              4 |
|  sys_clk/inst/clk_out1 | sigma/sigma_tile/riscv/gensticky_genpsticky_glbl_regfile[17][31]_i_1_n_0                             | sigma/sigma_tile/sfr/core_reset_o_reg_0_repN_5                               |                1 |              4 |
|  sys_clk/inst/clk_out1 | sigma/sigma_tile/riscv/gensticky_genpsticky_glbl_regfile[14][31]_i_1_n_0                             | sigma/sigma_tile/sfr/core_reset_o_reg_0_repN_6                               |                3 |              4 |
|  sys_clk/inst/clk_out1 | sigma/sigma_tile/riscv/gensticky_genpsticky_glbl_regfile[16][31]_i_1_n_0                             | sigma/sigma_tile/sfr/core_reset_o_reg_0_repN_2                               |                1 |              4 |
|  sys_clk/inst/clk_out1 | sigma/sigma_tile/riscv/gensticky_genpsticky_glbl_regfile[16][31]_i_1_n_0                             | sigma/sigma_tile/sfr/core_reset_o_reg_0_repN_8                               |                2 |              4 |
|  sys_clk/inst/clk_out1 | sigma/sigma_tile/riscv/gensticky_genpsticky_glbl_regfile[20][31]_i_1_n_0                             | sigma/sigma_tile/sfr/core_reset_o_reg_0_repN_9                               |                1 |              5 |
|  sys_clk/inst/clk_out1 | sigma/sigma_tile/riscv/gensticky_genpsticky_glbl_regfile[18][31]_i_1_n_0                             | sigma/sigma_tile/sfr/core_reset_o_reg_0_repN_4                               |                3 |              5 |
|  sys_clk/inst/clk_out1 | sigma/sigma_tile/riscv/gensticky_genpsticky_glbl_regfile[17][31]_i_1_n_0                             | sigma/sigma_tile/sfr/core_reset_o_reg_0_repN_4                               |                3 |              5 |
|  sys_clk/inst/clk_out1 | sigma/sigma_tile/riscv/gensticky_genpsticky_glbl_regfile[18][31]_i_1_n_0                             | sigma/sigma_tile/sfr/core_reset_o_reg_0_repN_9                               |                3 |              5 |
|  sys_clk/inst/clk_out1 | sigma/sigma_tile/riscv/gensticky_genpsticky_glbl_regfile[12][31]_i_1_n_0                             | sigma/sigma_tile/sfr/core_reset_o_reg_0_repN_7                               |                3 |              5 |
|  sys_clk/inst/clk_out1 | sigma/sigma_tile/riscv/gensticky_genpsticky_glbl_regfile[27][31]_i_1_n_0                             | sigma/sigma_tile/sfr/core_reset_o_reg_0_repN_8                               |                2 |              5 |
|  sys_clk/inst/clk_out1 | sigma/sigma_tile/riscv/gensticky_genpsticky_glbl_regfile[8][31]_i_1_n_0                              | sigma/sigma_tile/sfr/core_reset_o_reg_0_repN_9                               |                2 |              5 |
|  sys_clk/inst/clk_out1 | sigma/sigma_tile/riscv/gensticky_genpsticky_glbl_regfile[19][31]_i_1_n_0                             | sigma/sigma_tile/sfr/core_reset_o_reg_0_repN_2                               |                3 |              5 |
|  sys_clk/inst/clk_out1 | sigma/sigma_tile/riscv/gensticky_genpsticky_glbl_regfile[23][31]_i_1_n_0                             | sigma/sigma_tile/sfr/core_reset_o_reg_0_repN_2                               |                1 |              5 |
|  sys_clk/inst/clk_out1 | sigma/sigma_tile/riscv/gensticky_genpsticky_glbl_regfile[28][31]_i_1_n_0                             | sigma/sigma_tile/sfr/core_reset_o_reg_0_repN_9                               |                3 |              5 |
|  sys_clk/inst/clk_out1 | sigma/sigma_tile/riscv/gensticky_genpsticky_glbl_regfile[28][31]_i_1_n_0                             | sigma/sigma_tile/sfr/core_reset_o_reg_0_repN_5                               |                4 |              5 |
|  sys_clk/inst/clk_out1 | sigma/sigma_tile/riscv/gensticky_genpsticky_glbl_regfile[31][31]_i_1_n_0                             | sigma/sigma_tile/sfr/core_reset_o_reg_0_repN_6                               |                3 |              5 |
|  sys_clk/inst/clk_out1 | sigma/sigma_tile/riscv/gensticky_genpsticky_glbl_regfile[13][31]_i_1_n_0                             | sigma/sigma_tile/sfr/core_reset_o_reg_0_repN_6                               |                2 |              5 |
|  sys_clk/inst/clk_out1 | sigma/sigma_tile/riscv/gensticky_genpsticky_glbl_regfile[29][31]_i_1_n_0                             | sigma/sigma_tile/sfr/core_reset_o_reg_0_repN_2                               |                2 |              5 |
|  sys_clk/inst/clk_out1 | sigma/sigma_tile/riscv/gensticky_genpsticky_glbl_regfile[3][31]_i_1_n_0                              | sigma/sigma_tile/sfr/core_reset_o_reg_0_repN_7                               |                1 |              5 |
|  sys_clk/inst/clk_out1 | sigma/sigma_tile/riscv/gensticky_genpsticky_glbl_regfile[9][31]_i_1_n_0                              | sigma/sigma_tile/sfr/core_reset_o_reg_0_repN_5                               |                1 |              5 |
|  sys_clk/inst/clk_out1 | sigma/sigma_tile/riscv/gensticky_genpsticky_glbl_regfile[11][31]_i_1_n_0                             | sigma/sigma_tile/sfr/core_reset_o_reg_0_repN_9                               |                3 |              5 |
|  sys_clk/inst/clk_out1 | sigma/sigma_tile/riscv/gensticky_genpsticky_glbl_regfile[20][31]_i_1_n_0                             | sigma/sigma_tile/sfr/core_reset_o_reg_0_repN_5                               |                2 |              5 |
|  sys_clk/inst/clk_out1 | sigma/sigma_tile/riscv/gensticky_genpsticky_glbl_regfile[31][31]_i_1_n_0                             | sigma/sigma_tile/sfr/core_reset_o_reg_0_repN_5                               |                2 |              5 |
|  sys_clk/inst/clk_out1 | sigma/sigma_tile/riscv/gensticky_genpsticky_glbl_regfile[25][31]_i_1_n_0                             | sigma/sigma_tile/sfr/core_reset_o_reg_0_repN_9                               |                4 |              5 |
|  sys_clk/inst/clk_out1 | sigma/sigma_tile/riscv/gensticky_genpsticky_glbl_regfile[14][31]_i_1_n_0                             | sigma/sigma_tile/sfr/core_reset_o_reg_0_repN_7                               |                2 |              5 |
|  sys_clk/inst/clk_out1 | sigma/sigma_tile/riscv/gensticky_genpsticky_glbl_regfile[10][31]_i_1_n_0                             | sigma/sigma_tile/sfr/core_reset_o_reg_0_repN_4                               |                2 |              5 |
|  sys_clk/inst/clk_out1 | sigma/sigma_tile/riscv/gensticky_genpsticky_glbl_regfile[25][31]_i_1_n_0                             | sigma/sigma_tile/sfr/core_reset_o_reg_0_repN_5                               |                1 |              5 |
|  sys_clk/inst/clk_out1 | sigma/sigma_tile/riscv/gensticky_genpsticky_glbl_regfile[18][31]_i_1_n_0                             | sigma/sigma_tile/sfr/core_reset_o_reg_0_repN_2                               |                2 |              5 |
|  sys_clk/inst/clk_out1 | sigma/sigma_tile/riscv/gensticky_genpsticky_glbl_regfile[24][31]_i_1_n_0                             | sigma/sigma_tile/sfr/core_reset_o_reg_0_repN_2                               |                4 |              5 |
|  sys_clk/inst/clk_out1 | sigma/sigma_tile/riscv/gensticky_genpsticky_glbl_regfile[14][31]_i_1_n_0                             | sigma/sigma_tile/sfr/core_reset_o_reg_0_repN_5                               |                2 |              5 |
|  sys_clk/inst/clk_out1 | sigma/sigma_tile/riscv/gensticky_genpsticky_glbl_regfile[24][31]_i_1_n_0                             | sigma/sigma_tile/sfr/core_reset_o_reg_0_repN_5                               |                1 |              5 |
|  sys_clk/inst/clk_out1 | sigma/sigma_tile/riscv/gensticky_genpsticky_glbl_regfile[15][31]_i_1_n_0                             | sigma/sigma_tile/sfr/core_reset_o_reg_0_repN_9                               |                3 |              5 |
|  sys_clk/inst/clk_out1 | sigma/sigma_tile/riscv/gensticky_genpsticky_glbl_regfile[15][31]_i_1_n_0                             | sigma/sigma_tile/sfr/core_reset_o_reg_0_repN_5                               |                2 |              5 |
|  sys_clk/inst/clk_out1 | sigma/sigma_tile/riscv/gensticky_genpsticky_glbl_regfile[19][31]_i_1_n_0                             | sigma/sigma_tile/sfr/core_reset_o_reg_0_repN_4                               |                3 |              5 |
|  sys_clk/inst/clk_out1 | sigma/sigma_tile/riscv/bus_addr_bo_reg[5]                                                            | sigma/sigma_tile/riscv/gensticky_genpstage_MEM_TRX_BUF_reg[0][mem_addr][5]_0 |                2 |              5 |
|  sys_clk/inst/clk_out1 | sigma/sigma_tile/riscv/gensticky_genpstage_EXEC_TRX_BUF[0][irq_mcause][3]_i_1_n_0                    | sigma/sigma_tile/sfr/core_reset_o_reg_3                                      |                2 |              5 |
|  sys_clk/inst/clk_out1 | sigma/sigma_tile/riscv/gensticky_genpsticky_glbl_regfile[29][31]_i_1_n_0                             | sigma/sigma_tile/sfr/core_reset_o_reg_0_repN_5                               |                2 |              6 |
|  sys_clk/inst/clk_out1 | sigma/sigma_tile/riscv/gensticky_genpsticky_glbl_regfile[19][31]_i_1_n_0                             | sigma/sigma_tile/sfr/core_reset_o_reg_0_repN_9                               |                3 |              6 |
|  sys_clk/inst/clk_out1 | sigma/sigma_tile/riscv/gensticky_genpsticky_glbl_regfile[21][31]_i_1_n_0                             | sigma/sigma_tile/sfr/core_reset_o_reg_0_repN_2                               |                2 |              6 |
|  sys_clk/inst/clk_out1 | sigma/sigma_tile/riscv/gensticky_genpsticky_glbl_regfile[1][31]_i_1_n_0                              | sigma/sigma_tile/sfr/core_reset_o_reg_0_repN_5                               |                2 |              6 |
|  sys_clk/inst/clk_out1 | sigma/sigma_tile/riscv/gensticky_genpsticky_glbl_regfile[22][31]_i_1_n_0                             | sigma/sigma_tile/sfr/core_reset_o_reg_0_repN_4                               |                2 |              6 |
|  sys_clk/inst/clk_out1 | sigma/sigma_tile/riscv/gensticky_genpsticky_glbl_regfile[15][31]_i_1_n_0                             | sigma/sigma_tile/sfr/core_reset_o_reg_0_repN_4                               |                2 |              6 |
|  sys_clk/inst/clk_out1 | sigma/sigma_tile/riscv/gensticky_genpsticky_glbl_regfile[26][31]_i_1_n_0                             | sigma/sigma_tile/sfr/core_reset_o_reg_0_repN_2                               |                3 |              6 |
|  sys_clk/inst/clk_out1 | sigma/sigma_tile/riscv/gensticky_genpsticky_glbl_regfile[26][31]_i_1_n_0                             | sigma/sigma_tile/sfr/core_reset_o_reg_0_repN_5                               |                3 |              6 |
|  sys_clk/inst/clk_out1 | sigma/sigma_tile/riscv/gensticky_genpsticky_glbl_regfile[3][31]_i_1_n_0                              | sigma/sigma_tile/sfr/core_reset_o_reg_0_repN_4                               |                2 |              6 |
|  sys_clk/inst/clk_out1 | sigma/sigma_tile/riscv/gensticky_genpsticky_glbl_regfile[28][31]_i_1_n_0                             | sigma/sigma_tile/sfr/core_reset_o_reg_0_repN_2                               |                4 |              6 |
|  sys_clk/inst/clk_out1 | sigma/sigma_tile/riscv/gensticky_genpsticky_glbl_regfile[14][31]_i_1_n_0                             | sigma/sigma_tile/sfr/core_reset_o_reg_0_repN_4                               |                2 |              6 |
|  sys_clk/inst/clk_out1 | sigma/sigma_tile/riscv/gensticky_genpsticky_glbl_regfile[12][31]_i_1_n_0                             | sigma/sigma_tile/sfr/core_reset_o_reg_0_repN_9                               |                2 |              6 |
|  sys_clk/inst/clk_out1 | sigma/sigma_tile/riscv/gensticky_genpsticky_glbl_regfile[13][31]_i_1_n_0                             | sigma/sigma_tile/sfr/core_reset_o_reg_0_repN_4                               |                1 |              6 |
|  sys_clk/inst/clk_out1 | sigma/sigma_tile/riscv/gensticky_genpsticky_glbl_regfile[9][31]_i_1_n_0                              | sigma/sigma_tile/sfr/core_reset_o_reg_0_repN_9                               |                1 |              6 |
|  sys_clk/inst/clk_out1 |                                                                                                      | sigma/sigma_tile/sfr/core_reset_o_reg_0_repN_8                               |                3 |              6 |
|  sys_clk/inst/clk_out1 | sigma/sigma_tile/riscv/gensticky_genpsticky_glbl_regfile[23][31]_i_1_n_0                             | sigma/sigma_tile/sfr/core_reset_o_reg_0_repN_9                               |                3 |              6 |
|  sys_clk/inst/clk_out1 | sigma/sigma_tile/riscv/gensticky_genpsticky_glbl_regfile[17][31]_i_1_n_0                             | sigma/sigma_tile/sfr/core_reset_o_reg_0_repN_9                               |                3 |              6 |
|  sys_clk/inst/clk_out1 | sigma/sigma_tile/riscv/gensticky_genpsticky_glbl_regfile[4][31]_i_1_n_0                              | sigma/sigma_tile/sfr/core_reset_o_reg_0_repN_6                               |                2 |              6 |
|  sys_clk/inst/clk_out1 | sigma/sigma_tile/riscv/gensticky_genpsticky_glbl_regfile[15][31]_i_1_n_0                             | sigma/sigma_tile/sfr/core_reset_o_reg_0_repN_6                               |                3 |              6 |
|  sys_clk/inst/clk_out1 | sigma/sigma_tile/riscv/gensticky_genpsticky_glbl_regfile[23][31]_i_1_n_0                             | sigma/sigma_tile/sfr/core_reset_o_reg_0_repN_6                               |                2 |              6 |
|  sys_clk/inst/clk_out1 | sigma/sigma_tile/riscv/gensticky_genpsticky_glbl_regfile[10][31]_i_1_n_0                             | sigma/sigma_tile/sfr/core_reset_o_reg_0_repN_5                               |                2 |              6 |
|  sys_clk/inst/clk_out1 | sigma/sigma_tile/riscv/gensticky_genpstage_WB_TRX_BUF[0][genmcopipe_handle_data_mem][tid][0]_i_1_n_0 | sigma/sigma_tile/sfr/core_reset_o_reg_0_repN                                 |                2 |              6 |
|  sys_clk/inst/clk_out1 | sigma/sigma_tile/riscv/gensticky_genpsticky_glbl_regfile[22][31]_i_1_n_0                             | sigma/sigma_tile/sfr/core_reset_o_reg_0_repN_5                               |                3 |              6 |
|  sys_clk/inst/clk_out1 | sigma/sigma_tile/riscv/gensticky_genpsticky_glbl_regfile[10][31]_i_1_n_0                             | sigma/sigma_tile/sfr/core_reset_o_reg_0_repN_9                               |                3 |              6 |
|  sys_clk/inst/clk_out1 | sigma/sigma_tile/riscv/gensticky_genpsticky_glbl_regfile[23][31]_i_1_n_0                             | sigma/sigma_tile/sfr/core_reset_o_reg_0_repN_4                               |                2 |              6 |
|  sys_clk/inst/clk_out1 | sigma/sigma_tile/riscv/gensticky_genpsticky_glbl_regfile[14][31]_i_1_n_0                             | sigma/sigma_tile/sfr/core_reset_o_reg_0_repN_9                               |                3 |              6 |
|  sys_clk/inst/clk_out1 | sigma/sigma_tile/riscv/gensticky_genpsticky_glbl_regfile[22][31]_i_1_n_0                             | sigma/sigma_tile/sfr/core_reset_o_reg_0_repN_9                               |                2 |              7 |
|  sys_clk/inst/clk_out1 | sigma/sigma_tile/riscv/gensticky_genpsticky_glbl_regfile[16][31]_i_1_n_0                             | sigma/sigma_tile/sfr/core_reset_o_reg_0_repN_5                               |                2 |              7 |
|  sys_clk/inst/clk_out1 | sigma/sigma_tile/riscv/gensticky_genpsticky_glbl_regfile[30][31]_i_1_n_0                             | sigma/sigma_tile/sfr/core_reset_o_reg_0_repN_2                               |                3 |              7 |
|  sys_clk/inst/clk_out1 | sigma/sigma_tile/riscv/gensticky_genpsticky_glbl_regfile[9][31]_i_1_n_0                              | sigma/sigma_tile/sfr/core_reset_o_reg_0_repN_4                               |                2 |              7 |
|  sys_clk/inst/clk_out1 | sigma/sigma_tile/riscv/gensticky_genpsticky_glbl_regfile[2][31]_i_1_n_0                              | sigma/sigma_tile/sfr/core_reset_o_reg_0_repN_6                               |                3 |              7 |
|  sys_clk/inst/clk_out1 | sigma/sigma_tile/riscv/gensticky_genpsticky_glbl_regfile[12][31]_i_1_n_0                             | sigma/sigma_tile/sfr/core_reset_o_reg_0_repN_4                               |                1 |              7 |
|  sys_clk/inst/clk_out1 | sigma/sigma_tile/riscv/gensticky_genpsticky_glbl_regfile[1][31]_i_1_n_0                              | sigma/sigma_tile/sfr/core_reset_o_reg_0_repN_4                               |                1 |              7 |
|  sys_clk/inst/clk_out1 | sigma/sigma_tile/riscv/gensticky_genpsticky_glbl_regfile[19][31]_i_1_n_0                             | sigma/sigma_tile/sfr/core_reset_o_reg_0_repN_6                               |                2 |              7 |
|  sys_clk/inst/clk_out1 | sigma/sigma_tile/riscv/gensticky_genpsticky_glbl_regfile[30][31]_i_1_n_0                             | sigma/sigma_tile/sfr/core_reset_o_reg_0_repN_6                               |                3 |              7 |
|  sys_clk/inst/clk_out1 | sigma/sigma_tile/riscv/gensticky_genpsticky_glbl_regfile[27][31]_i_1_n_0                             | sigma/sigma_tile/sfr/core_reset_o_reg_0_repN_6                               |                5 |              7 |
|  sys_clk/inst/clk_out1 | sigma/sigma_tile/riscv/gensticky_genpsticky_glbl_regfile[6][31]_i_1_n_0                              | sigma/sigma_tile/sfr/core_reset_o_reg_0_repN_9                               |                3 |              7 |
|  sys_clk/inst/clk_out1 | sigma/sigma_tile/riscv/gensticky_genpsticky_glbl_regfile[6][31]_i_1_n_0                              | sigma/sigma_tile/sfr/core_reset_o_reg_0_repN_6                               |                2 |              7 |
|  sys_clk/inst/clk_out1 | sigma/sigma_tile/riscv/gensticky_genpsticky_glbl_regfile[1][31]_i_1_n_0                              | sigma/sigma_tile/sfr/core_reset_o_reg_0_repN_6                               |                1 |              7 |
|  sys_clk/inst/clk_out1 | sigma/sigma_tile/riscv/gensticky_genpsticky_glbl_regfile[31][31]_i_1_n_0                             | sigma/sigma_tile/sfr/core_reset_o_reg_0_repN_9                               |                4 |              7 |
|  sys_clk/inst/clk_out1 | sigma/sigma_tile/riscv/gensticky_genpsticky_glbl_regfile[4][31]_i_1_n_0                              | sigma/sigma_tile/sfr/core_reset_o_reg_0_repN_4                               |                3 |              7 |
|  sys_clk/inst/clk_out1 | sigma/sigma_tile/riscv/gensticky_genpsticky_glbl_regfile[3][31]_i_1_n_0                              | sigma/sigma_tile/sfr/core_reset_o_reg_0_repN_5                               |                2 |              7 |
|  sys_clk/inst/clk_out1 | sigma/udm/udm_controller/tx_dout_bo[7]_i_1_n_0                                                       |                                                                              |                3 |              7 |
|  sys_clk/inst/clk_out1 | sigma/sigma_tile/riscv/gensticky_genpsticky_glbl_regfile[30][31]_i_1_n_0                             | sigma/sigma_tile/sfr/core_reset_o_reg_0_repN_5                               |                5 |              8 |
|  sys_clk/inst/clk_out1 | sigma/sigma_tile/riscv/gensticky_genpsticky_glbl_regfile[18][31]_i_1_n_0                             | sigma/sigma_tile/sfr/core_reset_o_reg_0_repN_6                               |                3 |              8 |
|  sys_clk/inst/clk_out1 | sigma/sigma_tile/riscv/gensticky_genpsticky_glbl_regfile[16][31]_i_1_n_0                             | sigma/sigma_tile/sfr/core_reset_o_reg_0_repN_6                               |                4 |              8 |
|  sys_clk/inst/clk_out1 | sigma/sigma_tile/riscv/gensticky_genpsticky_glbl_regfile[25][31]_i_1_n_0                             | sigma/sigma_tile/sfr/core_reset_o_reg_0_repN_6                               |                4 |              8 |
|  sys_clk/inst/clk_out1 | sigma/udm/udm_controller/RD_DATA_reg[23]_i_1_n_0                                                     | sigma/udm/udm_controller/RD_DATA_reg[31]_i_1_n_0                             |                4 |              8 |
|  sys_clk/inst/clk_out1 | sigma/sigma_tile/riscv/gensticky_genpsticky_glbl_regfile[5][31]_i_1_n_0                              | sigma/sigma_tile/sfr/core_reset_o_reg_0_repN_9                               |                1 |              8 |
|  sys_clk/inst/clk_out1 | sigma/sigma_tile/riscv/gensticky_genpsticky_glbl_regfile[17][31]_i_1_n_0                             | sigma/sigma_tile/sfr/core_reset_o_reg_0_repN_6                               |                4 |              8 |
|  sys_clk/inst/clk_out1 | sigma/sigma_tile/riscv/gensticky_genpsticky_glbl_regfile[10][31]_i_1_n_0                             | sigma/sigma_tile/sfr/core_reset_o_reg_0_repN_7                               |                4 |              8 |
|  sys_clk/inst/clk_out1 | sigma/sigma_tile/riscv/gensticky_genpsticky_glbl_regfile[11][31]_i_1_n_0                             | sigma/sigma_tile/sfr/core_reset_o_reg_0_repN_7                               |                3 |              8 |
|  sys_clk/inst/clk_out1 | sigma/sigma_tile/riscv/gensticky_genpsticky_glbl_regfile[9][31]_i_1_n_0                              | sigma/sigma_tile/sfr/core_reset_o_reg_0_repN_7                               |                3 |              8 |
|  sys_clk/inst/clk_out1 | sigma/sigma_tile/riscv/gensticky_genpsticky_glbl_regfile[8][31]_i_1_n_0                              | sigma/sigma_tile/sfr/core_reset_o_reg_0_repN_7                               |                4 |              8 |
|  sys_clk/inst/clk_out1 | sigma/sigma_tile/riscv/gensticky_genpstage_WB_TRX_BUF[0][genmcopipe_handle_data_mem][tid][0]_i_1_n_0 | sigma/sigma_tile/sfr/core_reset_o_reg_0_repN_9                               |                2 |              8 |
|  sys_clk/inst/clk_out1 | sigma/sigma_tile/riscv/gensticky_genpsticky_glbl_regfile[6][31]_i_1_n_0                              | sigma/sigma_tile/sfr/core_reset_o_reg_0_repN_4                               |                3 |              8 |
|  sys_clk/inst/clk_out1 | sigma/sigma_tile/riscv/gensticky_genpsticky_glbl_regfile[4][31]_i_1_n_0                              | sigma/sigma_tile/sfr/core_reset_o_reg_0_repN_9                               |                3 |              8 |
|  sys_clk/inst/clk_out1 | sigma/sigma_tile/riscv/gensticky_genpstage_WB_TRX_BUF[0][genmcopipe_handle_data_mem][tid][0]_i_1_n_0 | sigma/sigma_tile/sfr/core_reset_o_reg_0_repN_4                               |                2 |              8 |
|  sys_clk/inst/clk_out1 | sigma/udm/uart_rx/dout_bo[7]_i_1_n_0                                                                 | sigma/reset_sync/Q[0]                                                        |                2 |              8 |
|  sys_clk/inst/clk_out1 | sigma/sigma_tile/riscv/gensticky_genpsticky_glbl_regfile[1][31]_i_1_n_0                              | sigma/sigma_tile/sfr/core_reset_o_reg_0_repN_9                               |                3 |              8 |
|  sys_clk/inst/clk_out1 | sigma/udm/uart_tx/databuf_0                                                                          | sigma/reset_sync/Q[0]                                                        |                2 |              8 |
|  sys_clk/inst/clk_out1 | sigma/sigma_tile/riscv/gensticky_genpstage_MEM_TRX_BUF_COUNTER_NEMPTY[0]_i_1_n_0                     | sigma/sigma_tile/sfr/core_reset_o_reg_0_repN_2                               |                3 |              8 |
|  sys_clk/inst/clk_out1 | sigma/sigma_tile/riscv/gensticky_genpsticky_glbl_regfile[2][31]_i_1_n_0                              | sigma/sigma_tile/sfr/core_reset_o_reg_0_repN_4                               |                3 |              8 |
|  sys_clk/inst/clk_out1 | sigma/sigma_tile/riscv/gensticky_genpstage_MEM_TRX_BUF_COUNTER_NEMPTY[0]_i_1_n_0                     | sigma/sigma_tile/sfr/core_reset_o_reg_0_repN_8                               |                4 |              8 |
|  sys_clk/inst/clk_out1 | sigma/sigma_tile/riscv/gensticky_genpsticky_glbl_regfile[22][31]_i_1_n_0                             | sigma/sigma_tile/sfr/core_reset_o_reg_0_repN_6                               |                5 |              8 |
|  sys_clk/inst/clk_out1 | sigma/sigma_tile/riscv/gensticky_genpsticky_glbl_regfile[26][31]_i_1_n_0                             | sigma/sigma_tile/sfr/core_reset_o_reg_0_repN_6                               |                3 |              8 |
|  sys_clk/inst/clk_out1 | sigma/udm/udm_controller/tx_sendbyte_ff_0                                                            |                                                                              |                3 |              8 |
|  sys_clk/inst/clk_out1 | sigma/udm/udm_controller/tx_sendbyte[7]_i_2_n_0                                                      | sigma/udm/udm_controller/tx_sendbyte[7]_i_1_n_0                              |                2 |              8 |
|  sys_clk/inst/clk_out1 | sigma/sigma_tile/riscv/gensticky_genpsticky_glbl_regfile[29][31]_i_1_n_0                             | sigma/sigma_tile/sfr/core_reset_o_reg_0_repN_6                               |                4 |              8 |
|  sys_clk/inst/clk_out1 | sigma/sigma_tile/riscv/gensticky_genpsticky_glbl_regfile[11][31]_i_1_n_0                             | sigma/sigma_tile/sfr/core_reset_o_reg_0_repN_4                               |                6 |              9 |
|  sys_clk/inst/clk_out1 | sigma/sigma_tile/riscv/gensticky_genpsticky_glbl_regfile[24][31]_i_1_n_0                             | sigma/sigma_tile/sfr/core_reset_o_reg_0_repN_6                               |                3 |              9 |
|  sys_clk/inst/clk_out1 | sigma/sigma_tile/riscv/gensticky_genpsticky_glbl_regfile[27][31]_i_1_n_0                             | sigma/sigma_tile/sfr/core_reset_o_reg_0_repN_5                               |                3 |              9 |
|  sys_clk/inst/clk_out1 | sigma/sigma_tile/riscv/gensticky_genpsticky_glbl_regfile[2][31]_i_1_n_0                              | sigma/sigma_tile/sfr/core_reset_o_reg_0_repN_9                               |                3 |              9 |
|  sys_clk/inst/clk_out1 | sigma/sigma_tile/riscv/gensticky_genpsticky_glbl_regfile[13][31]_i_1_n_0                             | sigma/sigma_tile/sfr/core_reset_o_reg_0_repN_7                               |                3 |              9 |
|  sys_clk/inst/clk_out1 |                                                                                                      | sigma/sigma_tile/sfr/core_reset_o_reg_0_repN_3                               |                8 |              9 |
|  sys_clk/inst/clk_out1 | sigma/sigma_tile/riscv/gensticky_genpsticky_glbl_regfile[28][31]_i_1_n_0                             | sigma/sigma_tile/sfr/core_reset_o_reg_0_repN_6                               |                3 |              9 |
|  sys_clk/inst/clk_out1 | sigma/sigma_tile/riscv/gensticky_genpsticky_glbl_regfile[5][31]_i_1_n_0                              | sigma/sigma_tile/sfr/core_reset_o_reg_0_repN_4                               |                3 |              9 |
|  sys_clk/inst/clk_out1 |                                                                                                      | sigma/udm/udm_controller/FSM_sequential_state[2]_i_1_n_0                     |                7 |              9 |
|  sys_clk/inst/clk_out1 |                                                                                                      | sigma/udm/uart_rx/SR[0]                                                      |                2 |              9 |
|  sys_clk/inst/clk_out1 | sigma/sigma_tile/riscv/gensticky_genpsticky_glbl_regfile[7][31]_i_1_n_0                              | sigma/sigma_tile/sfr/core_reset_o_reg_0_repN_4                               |                3 |              9 |
|  sys_clk/inst/clk_out1 | sigma/sigma_tile/riscv/gensticky_genpsticky_glbl_regfile[20][31]_i_1_n_0                             | sigma/sigma_tile/sfr/core_reset_o_reg_0_repN_6                               |                4 |             10 |
|  sys_clk/inst/clk_out1 | sigma/sigma_tile/riscv/gensticky_genpsticky_glbl_regfile[7][31]_i_1_n_0                              | sigma/sigma_tile/sfr/core_reset_o_reg_0_repN_9                               |                5 |             10 |
|  sys_clk/inst/clk_out1 | sigma/sigma_tile/riscv/gensticky_genpsticky_glbl_regfile[3][31]_i_1_n_0                              | sigma/sigma_tile/sfr/core_reset_o_reg_0_repN_9                               |                2 |             10 |
|  sys_clk/inst/clk_out1 | sigma/sigma_tile/riscv/host\\.rdata[31]_i_9_0                                                        | sigma/sigma_tile/riscv/bus_addr_bo_reg[2]_0                                  |                4 |             11 |
|  sys_clk/inst/clk_out1 | sigma/sigma_tile/riscv/gensticky_genpsticky_glbl_regfile[21][31]_i_1_n_0                             | sigma/sigma_tile/sfr/core_reset_o_reg_0_repN_6                               |                4 |             11 |
|  sys_clk/inst/clk_out1 | sigma/sigma_tile/riscv/host\\.rdata[31]_i_9_0                                                        | sigma/sigma_tile/riscv/bus_addr_bo_reg[2]_1                                  |                4 |             11 |
|  sys_clk/inst/clk_out1 | sigma/sigma_tile/riscv/gensticky_genpstage_MEM_TRX_BUF_COUNTER_NEMPTY[0]_i_1_n_0                     | sigma/sigma_tile/sfr/core_reset_o_reg_0_repN                                 |                6 |             13 |
|  sys_clk/inst/clk_out1 |                                                                                                      | sigma/reset_sync/SR[0]                                                       |                9 |             14 |
|  sys_clk/inst/clk_out1 | sigma/sigma_tile/genexu_MUL_DIV/riscv_divider/div_complete_w                                         | sigma/sigma_tile/sfr/core_reset_o_reg_0_repN_3                               |                8 |             14 |
|  sys_clk/inst/clk_out1 |                                                                                                      | sigma/sigma_tile/sfr/core_reset_o_reg_0_repN_5                               |                9 |             14 |
|  sys_clk/inst/clk_out1 |                                                                                                      | sigma/sigma_tile/sfr/core_reset_o_reg_0_repN_4                               |                5 |             16 |
|  sys_clk/inst/clk_out1 | sigma/sigma_tile/riscv/bus_we_o_reg_1                                                                | sigma/sigma_tile/riscv/bus_we_o_reg_0                                        |                7 |             16 |
|  sys_clk/inst/clk_out1 | sigma/sigma_tile/riscv/bus_we_o_reg_1                                                                |                                                                              |                5 |             16 |
|  sys_clk/inst/clk_out1 | sigma/sigma_tile/riscv/bus_we_o_reg_2[0]                                                             | sigma/reset_sync/SR[0]                                                       |                8 |             16 |
|  sys_clk/inst/clk_out1 |                                                                                                      | sigma/reset_sync/Q[0]                                                        |               10 |             17 |
|  sys_clk/inst/clk_out1 | sigma/sigma_tile/genexu_MUL_DIV/riscv_divider/div_complete_w                                         | sigma/sigma_tile/sfr/core_reset_o_reg_0_repN_1                               |                8 |             18 |
|  sys_clk/inst/clk_out1 | sigma/debouncer/counter_reg[0]_i_1_n_0                                                               | sigma/reset_sync/Q[0]                                                        |                5 |             20 |
|  sys_clk/inst/clk_out1 | sigma/sigma_tile/riscv/gensticky_genpstage_WB_TRX_BUF[0][genmcopipe_handle_data_mem][tid][0]_i_1_n_0 | sigma/sigma_tile/sfr/core_reset_o_reg_0_repN_2                               |                5 |             23 |
|  sys_clk/inst/clk_out1 |                                                                                                      | sigma/sigma_tile/sfr/core_reset_o_reg_0_repN_6                               |               11 |             24 |
|  sys_clk/inst/clk_out1 | sigma/udm/udm_controller/RD_DATA_reg[23]_i_1_n_0                                                     |                                                                              |               13 |             24 |
|  sys_clk/inst/clk_out1 | sigma/sigma_tile/riscv/gensticky_genpstage_IDECODE_TRX_BUF[0][curinstr_addr][31]_i_1_n_0             | sigma/sigma_tile/sfr/core_reset_o_reg_0_repN_5                               |               10 |             26 |
|  sys_clk/inst/clk_out1 | sigma/udm/uart_rx/bitperiod_o[28]_i_1_n_0                                                            | sigma/reset_sync/Q[0]                                                        |                9 |             30 |
|  sys_clk/inst/clk_out1 | sigma/sigma_tile/genexu_MUL_DIV/riscv_divider/divisor_q[62]_i_1_n_0                                  | sigma/sigma_tile/sfr/core_reset_o_reg_0_repN_3                               |               10 |             32 |
|  sys_clk/inst/clk_out1 | sigma/udm/uart_rx/clk_counter                                                                        | sigma/reset_sync/Q[0]                                                        |                6 |             32 |
|  sys_clk/inst/clk_out1 | sigma/sigma_tile/riscv/core_reset_o_reg[0]                                                           | sigma/reset_sync/SR[0]                                                       |               11 |             32 |
|  sys_clk/inst/clk_out1 | sigma/udm/udm_controller/bus_addr_bo[31]_i_1_n_0                                                     | sigma/udm/udm_controller/FSM_sequential_state[2]_i_1_n_0                     |                7 |             32 |
|  sys_clk/inst/clk_out1 | sigma/sigma_tile/sfr/timer_value[31]_i_2_n_0                                                         | sigma/udm/udm_controller/rst_o_reg_1[0]                                      |                7 |             32 |
|  sys_clk/inst/clk_out1 | sigma/sigma_tile/genexu_MUL_DIV/riscv_divider/dividend_q[31]_i_1_n_0                                 | sigma/sigma_tile/sfr/core_reset_o_reg_0_repN_1                               |                8 |             32 |
|  sys_clk/inst/clk_out1 | sigma/sigma_tile/genexu_MUL_DIV/riscv_divider/dividend_q                                             | sigma/sigma_tile/sfr/core_reset_o_reg_6[0]                                   |               10 |             32 |
|  sys_clk/inst/clk_out1 | sigma/udm/udm_controller/bus_wdata_bo[31]_i_1_n_0                                                    | sigma/udm/udm_controller/FSM_sequential_state[2]_i_1_n_0                     |                9 |             32 |
|  sys_clk/inst/clk_out1 | sigma/udm/udm_controller/timeout_counter[31]_i_1_n_0                                                 |                                                                              |                8 |             32 |
|  sys_clk/inst/clk_out1 | sigma/udm/udm_controller/tr_length[31]_i_2_n_0                                                       | sigma/udm/udm_controller/tr_length[31]_i_1_n_0                               |               17 |             32 |
|  sys_clk/inst/clk_out1 | sigma/udm/uart_tx/clk_counter                                                                        | sigma/reset_sync/Q[0]                                                        |                5 |             32 |
|  sys_clk/inst/clk_out1 |                                                                                                      | sigma/sigma_tile/sfr/core_reset_o_reg_2[0]                                   |                8 |             36 |
|  sys_clk/inst/clk_out1 |                                                                                                      | sigma/sigma_tile/sfr/core_reset_o_reg_4                                      |               17 |             37 |
|  sys_clk/inst/clk_out1 | sigma/sigma_tile/riscv/gensticky_genpstage_IDECODE_TRX_BUF[0][curinstr_addr][31]_i_1_n_0             | sigma/sigma_tile/sfr/core_reset_o_reg_0_repN                                 |               13 |             38 |
|  sys_clk/inst/clk_out1 |                                                                                                      | sigma/sigma_tile/sfr/core_reset_o_reg_3                                      |                6 |             38 |
|  sys_clk/inst/clk_out1 | sigma/sigma_tile/riscv/gensticky_genpstage_EXEC_TRX_BUF[0][mem_cmd][0]_i_1_n_0                       | sigma/sigma_tile/sfr/core_reset_o_reg_0_repN_5                               |               23 |             45 |
|  sys_clk/inst/clk_out1 | sigma/sigma_tile/riscv/bus_we_o_reg_4[0]                                                             |                                                                              |               15 |             48 |
|  sys_clk/inst/clk_out1 | sigma/udm/udm_controller/E[0]                                                                        |                                                                              |               30 |             50 |
|  sys_clk/inst/clk_out1 |                                                                                                      |                                                                              |               33 |             58 |
|  sys_clk/inst/clk_out1 |                                                                                                      | sigma/sigma_tile/sfr/core_reset_o_reg_0_repN_2                               |               22 |             60 |
|  sys_clk/inst/clk_out1 | sigma/sigma_tile/genexu_MUL_DIV/riscv_divider/divisor_q                                              | sigma/sigma_tile/sfr/core_reset_o_reg_6[0]                                   |               19 |             62 |
|  sys_clk/inst/clk_out1 |                                                                                                      | sigma/sigma_tile/sfr/core_reset_o_reg_0_repN_1                               |               45 |             78 |
|  sys_clk/inst/clk_out1 |                                                                                                      | sigma/sigma_tile/sfr/core_reset_o_reg_0_repN                                 |               40 |             84 |
|  sys_clk/inst/clk_out1 | sigma/sigma_tile/riscv/gensticky_genpstage_MEM_TRX_BUF_COUNTER_NEMPTY[0]_i_1_n_0                     | sigma/sigma_tile/sfr/core_reset_o_reg_0_repN_3                               |               39 |            111 |
|  sys_clk/inst/clk_out1 | sigma/sigma_tile/riscv/gensticky_genpstage_EXEC_TRX_BUF[0][mem_cmd][0]_i_1_n_0                       | sigma/sigma_tile/sfr/core_reset_o_reg_0_repN_8                               |               59 |            173 |
+------------------------+------------------------------------------------------------------------------------------------------+------------------------------------------------------------------------------+------------------+----------------+


