
*** Running vivado
    with args -log NEXYS4_DDR.vdi -applog -m64 -product Vivado -messageDb vivado.pb -mode batch -source NEXYS4_DDR.tcl -notrace


****** Vivado v2019.2 (64-bit)
  **** SW Build 2708876 on Wed Nov  6 21:40:23 MST 2019
  **** IP Build 2700528 on Thu Nov  7 00:09:20 MST 2019
    ** Copyright 1986-2019 Xilinx, Inc. All Rights Reserved.

source NEXYS4_DDR.tcl -notrace
Command: link_design -top NEXYS4_DDR -part xc7a100tcsg324-3
Design is defaulting to srcset: sources_1
Design is defaulting to constrset: constrs_1
INFO: [Device 21-403] Loading part xc7a100tcsg324-3
INFO: [Project 1-454] Reading design checkpoint 'C:/SoC/activecore/designs/rtl/sigma/syn/syn_2stage/NEXYS4_DDR/NEXYS4_DDR.runs/impl_1/.Xil/Vivado-10116-DESKTOP-LUOGMV1/sys_clk/sys_clk.dcp' for cell 'sys_clk'
Netlist sorting complete. Time (s): cpu = 00:00:00 ; elapsed = 00:00:00.055 . Memory (MB): peak = 793.375 ; gain = 0.000
INFO: [Netlist 29-17] Analyzing 367 Unisim elements for replacement
INFO: [Netlist 29-28] Unisim Transformation completed in 0 CPU seconds
INFO: [Project 1-479] Netlist was created with Vivado 2019.2
INFO: [Project 1-570] Preparing netlist for logic optimization
Parsing XDC File [c:/SoC/activecore/designs/rtl/sigma/syn/syn_2stage/NEXYS4_DDR/NEXYS4_DDR.srcs/sources_1/ip/sys_clk/sys_clk_board.xdc] for cell 'sys_clk/inst'
Finished Parsing XDC File [c:/SoC/activecore/designs/rtl/sigma/syn/syn_2stage/NEXYS4_DDR/NEXYS4_DDR.srcs/sources_1/ip/sys_clk/sys_clk_board.xdc] for cell 'sys_clk/inst'
Parsing XDC File [c:/SoC/activecore/designs/rtl/sigma/syn/syn_2stage/NEXYS4_DDR/NEXYS4_DDR.srcs/sources_1/ip/sys_clk/sys_clk.xdc] for cell 'sys_clk/inst'
INFO: [Timing 38-35] Done setting XDC timing constraints. [c:/SoC/activecore/designs/rtl/sigma/syn/syn_2stage/NEXYS4_DDR/NEXYS4_DDR.srcs/sources_1/ip/sys_clk/sys_clk.xdc:57]
INFO: [Timing 38-2] Deriving generated clocks [c:/SoC/activecore/designs/rtl/sigma/syn/syn_2stage/NEXYS4_DDR/NEXYS4_DDR.srcs/sources_1/ip/sys_clk/sys_clk.xdc:57]
get_clocks: Time (s): cpu = 00:00:06 ; elapsed = 00:00:06 . Memory (MB): peak = 1438.730 ; gain = 533.652
Finished Parsing XDC File [c:/SoC/activecore/designs/rtl/sigma/syn/syn_2stage/NEXYS4_DDR/NEXYS4_DDR.srcs/sources_1/ip/sys_clk/sys_clk.xdc] for cell 'sys_clk/inst'
Parsing XDC File [C:/SoC/activecore/designs/rtl/sigma/syn/syn_2stage/NEXYS4_DDR/NEXYS4_DDR.xdc]
Finished Parsing XDC File [C:/SoC/activecore/designs/rtl/sigma/syn/syn_2stage/NEXYS4_DDR/NEXYS4_DDR.xdc]
INFO: [Opt 31-138] Pushed 0 inverter(s) to 0 load pin(s).
Netlist sorting complete. Time (s): cpu = 00:00:00 ; elapsed = 00:00:00.001 . Memory (MB): peak = 1438.730 ; gain = 0.000
INFO: [Project 1-111] Unisim Transformation Summary:
No Unisim elements were transformed.

10 Infos, 0 Warnings, 0 Critical Warnings and 0 Errors encountered.
link_design completed successfully
link_design: Time (s): cpu = 00:00:11 ; elapsed = 00:00:23 . Memory (MB): peak = 1438.730 ; gain = 954.938
Command: opt_design
Attempting to get a license for feature 'Implementation' and/or device 'xc7a100t'
INFO: [Common 17-349] Got license for feature 'Implementation' and/or device 'xc7a100t'
Running DRC as a precondition to command opt_design

Starting DRC Task
INFO: [DRC 23-27] Running DRC with 2 threads
INFO: [Project 1-461] DRC finished with 0 Errors
INFO: [Project 1-462] Please refer to the DRC report (report_drc) for more information.

Time (s): cpu = 00:00:01 ; elapsed = 00:00:00.582 . Memory (MB): peak = 1438.730 ; gain = 0.000

Starting Cache Timing Information Task
INFO: [Timing 38-35] Done setting XDC timing constraints.
INFO: [Timing 38-2] Deriving generated clocks
Ending Cache Timing Information Task | Checksum: 10775692f

Time (s): cpu = 00:00:00 ; elapsed = 00:00:00.206 . Memory (MB): peak = 1453.656 ; gain = 14.926

Starting Logic Optimization Task

Phase 1 Retarget
INFO: [Opt 31-138] Pushed 1 inverter(s) to 1 load pin(s).
INFO: [Opt 31-49] Retargeted 0 cell(s).
Phase 1 Retarget | Checksum: 1d3a20e55

Time (s): cpu = 00:00:00 ; elapsed = 00:00:00.438 . Memory (MB): peak = 1638.004 ; gain = 0.000
INFO: [Opt 31-389] Phase Retarget created 0 cells and removed 66 cells
INFO: [Opt 31-1021] In phase Retarget, 1 netlist objects are constrained preventing optimization. Please run opt_design with -debug_log to get more detail. 

Phase 2 Constant propagation
INFO: [Opt 31-138] Pushed 0 inverter(s) to 0 load pin(s).
Phase 2 Constant propagation | Checksum: 21ec78da4

Time (s): cpu = 00:00:00 ; elapsed = 00:00:00.477 . Memory (MB): peak = 1638.004 ; gain = 0.000
INFO: [Opt 31-389] Phase Constant propagation created 0 cells and removed 0 cells

Phase 3 Sweep
Phase 3 Sweep | Checksum: 2308ebf10

Time (s): cpu = 00:00:00 ; elapsed = 00:00:00.552 . Memory (MB): peak = 1638.004 ; gain = 0.000
INFO: [Opt 31-389] Phase Sweep created 16 cells and removed 0 cells

Phase 4 BUFG optimization
INFO: [Opt 31-1112] Starts optimizing BUFG(s) with a common MMCM/DPLL/XPLL driver.
INFO: [Opt 31-1112] Starts optimizing BUFG(s) with a common driver.
INFO: [Opt 31-1092] Phase BUFG optimization transformed 0 BUFG(s) to MBUFG(s).
Phase 4 BUFG optimization | Checksum: 2308ebf10

Time (s): cpu = 00:00:00 ; elapsed = 00:00:00.614 . Memory (MB): peak = 1638.004 ; gain = 0.000
INFO: [Opt 31-662] Phase BUFG optimization created 0 cells of which 0 are BUFGs and removed 0 cells.

Phase 5 Shift Register Optimization
INFO: [Opt 31-1064] SRL Remap converted 0 SRLs to 0 registers and converted 0 registers of register chains to 0 SRLs
Phase 5 Shift Register Optimization | Checksum: 2308ebf10

Time (s): cpu = 00:00:00 ; elapsed = 00:00:00.668 . Memory (MB): peak = 1638.004 ; gain = 0.000
INFO: [Opt 31-389] Phase Shift Register Optimization created 0 cells and removed 0 cells

Phase 6 Post Processing Netlist
Phase 6 Post Processing Netlist | Checksum: 19fd96cba

Time (s): cpu = 00:00:00 ; elapsed = 00:00:00.688 . Memory (MB): peak = 1638.004 ; gain = 0.000
INFO: [Opt 31-389] Phase Post Processing Netlist created 0 cells and removed 0 cells
Opt_design Change Summary
=========================


-------------------------------------------------------------------------------------------------------------------------
|  Phase                        |  #Cells created  |  #Cells Removed  |  #Constrained objects preventing optimizations  |
-------------------------------------------------------------------------------------------------------------------------
|  Retarget                     |               0  |              66  |                                              1  |
|  Constant propagation         |               0  |               0  |                                              0  |
|  Sweep                        |              16  |               0  |                                              0  |
|  BUFG optimization            |               0  |               0  |                                              0  |
|  Shift Register Optimization  |               0  |               0  |                                              0  |
|  Post Processing Netlist      |               0  |               0  |                                              0  |
-------------------------------------------------------------------------------------------------------------------------



Starting Connectivity Check Task

Time (s): cpu = 00:00:00 ; elapsed = 00:00:00.009 . Memory (MB): peak = 1638.004 ; gain = 0.000
Ending Logic Optimization Task | Checksum: 15e3b2c20

Time (s): cpu = 00:00:01 ; elapsed = 00:00:00.802 . Memory (MB): peak = 1638.004 ; gain = 0.000

Starting Power Optimization Task
INFO: [Pwropt 34-132] Skipping clock gating for clocks with a period < 2.00 ns.
INFO: [Timing 38-35] Done setting XDC timing constraints.
INFO: [Physopt 32-619] Estimated Timing Summary | WNS=1.138 | TNS=0.000 |
Running Vector-less Activity Propagation...
INFO: [Pwropt 34-9] Applying IDT optimizations ...
INFO: [Pwropt 34-10] Applying ODC optimizations ...

Finished Running Vector-less Activity Propagation


Starting PowerOpt Patch Enables Task
INFO: [Pwropt 34-162] WRITE_MODE attribute of 0 BRAM(s) out of a total of 8 has been updated to save power. Run report_power_opt to get a complete listing of the BRAMs updated.
INFO: [Pwropt 34-201] Structural ODC has moved 0 WE to EN ports
Number of BRAM Ports augmented: 0 newly gated: 0 Total Ports: 16
Ending PowerOpt Patch Enables Task | Checksum: 15e3b2c20

Time (s): cpu = 00:00:00 ; elapsed = 00:00:00.038 . Memory (MB): peak = 1778.305 ; gain = 0.000
Ending Power Optimization Task | Checksum: 15e3b2c20

Time (s): cpu = 00:00:06 ; elapsed = 00:00:04 . Memory (MB): peak = 1778.305 ; gain = 140.301

Starting Final Cleanup Task
Ending Final Cleanup Task | Checksum: 15e3b2c20

Time (s): cpu = 00:00:00 ; elapsed = 00:00:00 . Memory (MB): peak = 1778.305 ; gain = 0.000

Starting Netlist Obfuscation Task
Netlist sorting complete. Time (s): cpu = 00:00:00 ; elapsed = 00:00:00.001 . Memory (MB): peak = 1778.305 ; gain = 0.000
Ending Netlist Obfuscation Task | Checksum: 15e3b2c20

Time (s): cpu = 00:00:00 ; elapsed = 00:00:00.001 . Memory (MB): peak = 1778.305 ; gain = 0.000
INFO: [Common 17-83] Releasing license: Implementation
38 Infos, 0 Warnings, 0 Critical Warnings and 0 Errors encountered.
opt_design completed successfully
opt_design: Time (s): cpu = 00:00:10 ; elapsed = 00:00:07 . Memory (MB): peak = 1778.305 ; gain = 339.574
Netlist sorting complete. Time (s): cpu = 00:00:00 ; elapsed = 00:00:00.001 . Memory (MB): peak = 1778.305 ; gain = 0.000
INFO: [Timing 38-480] Writing timing data to binary archive.
Writing placer database...
Writing XDEF routing.
Writing XDEF routing logical nets.
Writing XDEF routing special nets.
Write XDEF Complete: Time (s): cpu = 00:00:00 ; elapsed = 00:00:00.027 . Memory (MB): peak = 1778.305 ; gain = 0.000
INFO: [Common 17-1381] The checkpoint 'C:/SoC/activecore/designs/rtl/sigma/syn/syn_2stage/NEXYS4_DDR/NEXYS4_DDR.runs/impl_1/NEXYS4_DDR_opt.dcp' has been generated.
INFO: [runtcl-4] Executing : report_drc -file NEXYS4_DDR_drc_opted.rpt -pb NEXYS4_DDR_drc_opted.pb -rpx NEXYS4_DDR_drc_opted.rpx
Command: report_drc -file NEXYS4_DDR_drc_opted.rpt -pb NEXYS4_DDR_drc_opted.pb -rpx NEXYS4_DDR_drc_opted.rpx
INFO: [IP_Flow 19-1839] IP Catalog is up to date.
INFO: [DRC 23-27] Running DRC with 2 threads
INFO: [Coretcl 2-168] The results of DRC are in file C:/SoC/activecore/designs/rtl/sigma/syn/syn_2stage/NEXYS4_DDR/NEXYS4_DDR.runs/impl_1/NEXYS4_DDR_drc_opted.rpt.
report_drc completed successfully
Command: place_design
Attempting to get a license for feature 'Implementation' and/or device 'xc7a100t'
INFO: [Common 17-349] Got license for feature 'Implementation' and/or device 'xc7a100t'
INFO: [DRC 23-27] Running DRC with 2 threads
INFO: [Vivado_Tcl 4-198] DRC finished with 0 Errors
INFO: [Vivado_Tcl 4-199] Please refer to the DRC report (report_drc) for more information.
Running DRC as a precondition to command place_design
INFO: [DRC 23-27] Running DRC with 2 threads
INFO: [Vivado_Tcl 4-198] DRC finished with 0 Errors
INFO: [Vivado_Tcl 4-199] Please refer to the DRC report (report_drc) for more information.

Starting Placer Task
INFO: [Place 30-611] Multithreading enabled for place_design using a maximum of 2 CPUs

Phase 1 Placer Initialization

Phase 1.1 Placer Initialization Netlist Sorting
Netlist sorting complete. Time (s): cpu = 00:00:00 ; elapsed = 00:00:00.001 . Memory (MB): peak = 1778.305 ; gain = 0.000
Phase 1.1 Placer Initialization Netlist Sorting | Checksum: 13c61ffe5

Time (s): cpu = 00:00:00 ; elapsed = 00:00:00.009 . Memory (MB): peak = 1778.305 ; gain = 0.000
Netlist sorting complete. Time (s): cpu = 00:00:00 ; elapsed = 00:00:00.001 . Memory (MB): peak = 1778.305 ; gain = 0.000

Phase 1.2 IO Placement/ Clock Placement/ Build Placer Device
INFO: [Timing 38-35] Done setting XDC timing constraints.
Phase 1.2 IO Placement/ Clock Placement/ Build Placer Device | Checksum: 14eeee795

Time (s): cpu = 00:00:01 ; elapsed = 00:00:00.801 . Memory (MB): peak = 1778.305 ; gain = 0.000

Phase 1.3 Build Placer Netlist Model
Phase 1.3 Build Placer Netlist Model | Checksum: 1ddd41b6f

Time (s): cpu = 00:00:02 ; elapsed = 00:00:02 . Memory (MB): peak = 1778.305 ; gain = 0.000

Phase 1.4 Constrain Clocks/Macros
Phase 1.4 Constrain Clocks/Macros | Checksum: 1ddd41b6f

Time (s): cpu = 00:00:02 ; elapsed = 00:00:02 . Memory (MB): peak = 1778.305 ; gain = 0.000
Phase 1 Placer Initialization | Checksum: 1ddd41b6f

Time (s): cpu = 00:00:02 ; elapsed = 00:00:02 . Memory (MB): peak = 1778.305 ; gain = 0.000

Phase 2 Global Placement

Phase 2.1 Floorplanning
Phase 2.1 Floorplanning | Checksum: 1fd3fa7ab

Time (s): cpu = 00:00:03 ; elapsed = 00:00:02 . Memory (MB): peak = 1778.305 ; gain = 0.000

Phase 2.2 Global Placement Core

Phase 2.2.1 Physical Synthesis In Placer
INFO: [Physopt 32-1018] Found 123 candidate LUT instances to create LUTNM shape
INFO: [Physopt 32-775] End 1 Pass. Optimized 313 nets or cells. Created 255 new cells, deleted 58 existing cells and moved 0 existing cell
INFO: [Physopt 32-76] Pass 1. Identified 1 candidate net for fanout optimization.
INFO: [Physopt 32-81] Processed net sigma/sigma_tile/sfr/core_reset_o_reg_0. Replicated 10 times.
INFO: [Physopt 32-232] Optimized 1 net. Created 10 new instances.
INFO: [Physopt 32-775] End 1 Pass. Optimized 1 net or cell. Created 10 new cells, deleted 0 existing cell and moved 0 existing cell
Netlist sorting complete. Time (s): cpu = 00:00:00 ; elapsed = 00:00:00.041 . Memory (MB): peak = 1778.305 ; gain = 0.000
INFO: [Physopt 32-117] Net sigma/sigma_tile/riscv/ADDRBWRADDR[12] could not be optimized because driver sigma/sigma_tile/riscv/ram_reg_0_i_14 could not be replicated
INFO: [Physopt 32-117] Net sigma/sigma_tile/riscv/ADDRBWRADDR[7] could not be optimized because driver sigma/sigma_tile/riscv/ram_reg_0_i_19 could not be replicated
INFO: [Physopt 32-117] Net sigma/sigma_tile/riscv/ADDRBWRADDR[1] could not be optimized because driver sigma/sigma_tile/riscv/ram_reg_0_i_25 could not be replicated
INFO: [Physopt 32-117] Net sigma/sigma_tile/riscv/ADDRBWRADDR[5] could not be optimized because driver sigma/sigma_tile/riscv/ram_reg_0_i_21 could not be replicated
INFO: [Physopt 32-117] Net sigma/sigma_tile/riscv/ADDRBWRADDR[9] could not be optimized because driver sigma/sigma_tile/riscv/ram_reg_0_i_17 could not be replicated
INFO: [Physopt 32-117] Net sigma/sigma_tile/riscv/ADDRBWRADDR[2] could not be optimized because driver sigma/sigma_tile/riscv/ram_reg_0_i_24 could not be replicated
INFO: [Physopt 32-117] Net sigma/sigma_tile/riscv/ADDRBWRADDR[6] could not be optimized because driver sigma/sigma_tile/riscv/ram_reg_0_i_20 could not be replicated
INFO: [Physopt 32-117] Net sigma/sigma_tile/riscv/ADDRBWRADDR[0] could not be optimized because driver sigma/sigma_tile/riscv/ram_reg_0_i_26 could not be replicated
INFO: [Physopt 32-117] Net sigma/sigma_tile/riscv/ADDRBWRADDR[4] could not be optimized because driver sigma/sigma_tile/riscv/ram_reg_0_i_22 could not be replicated
INFO: [Physopt 32-117] Net sigma/sigma_tile/riscv/ADDRBWRADDR[11] could not be optimized because driver sigma/sigma_tile/riscv/ram_reg_0_i_15 could not be replicated
INFO: [Physopt 32-117] Net sigma/sigma_tile/riscv/ADDRBWRADDR[3] could not be optimized because driver sigma/sigma_tile/riscv/ram_reg_0_i_23 could not be replicated
INFO: [Physopt 32-117] Net sigma/sigma_tile/riscv/ADDRBWRADDR[10] could not be optimized because driver sigma/sigma_tile/riscv/ram_reg_0_i_16 could not be replicated
INFO: [Physopt 32-117] Net sigma/sigma_tile/riscv/ADDRBWRADDR[8] could not be optimized because driver sigma/sigma_tile/riscv/ram_reg_0_i_18 could not be replicated
INFO: [Physopt 32-117] Net sigma/sigma_tile/ram/ram_dual/bus1_addr[2] could not be optimized because driver sigma/sigma_tile/ram/ram_dual/ram_reg_0_i_13 could not be replicated
INFO: [Physopt 32-117] Net sigma/sigma_tile/riscv/WEA[0] could not be optimized because driver sigma/sigma_tile/riscv/ram_reg_0_i_31 could not be replicated
INFO: [Physopt 32-117] Net sigma/sigma_tile/riscv/ADDRARDADDR[2] could not be optimized because driver sigma/sigma_tile/riscv/ram_reg_0_i_10 could not be replicated
INFO: [Physopt 32-117] Net sigma/sigma_tile/riscv/ADDRARDADDR[11] could not be optimized because driver sigma/sigma_tile/riscv/ram_reg_0_i_1 could not be replicated
INFO: [Physopt 32-117] Net sigma/sigma_tile/riscv/ADDRARDADDR[6] could not be optimized because driver sigma/sigma_tile/riscv/ram_reg_0_i_6 could not be replicated
INFO: [Physopt 32-117] Net sigma/sigma_tile/riscv/ADDRARDADDR[8] could not be optimized because driver sigma/sigma_tile/riscv/ram_reg_0_i_4 could not be replicated
INFO: [Physopt 32-117] Net sigma/sigma_tile/riscv/ADDRARDADDR[3] could not be optimized because driver sigma/sigma_tile/riscv/ram_reg_0_i_9 could not be replicated
INFO: [Physopt 32-117] Net sigma/sigma_tile/riscv/ADDRARDADDR[10] could not be optimized because driver sigma/sigma_tile/riscv/ram_reg_0_i_2 could not be replicated
INFO: [Physopt 32-117] Net sigma/sigma_tile/riscv/ADDRARDADDR[4] could not be optimized because driver sigma/sigma_tile/riscv/ram_reg_0_i_8 could not be replicated
INFO: [Physopt 32-117] Net sigma/sigma_tile/riscv/ADDRARDADDR[7] could not be optimized because driver sigma/sigma_tile/riscv/ram_reg_0_i_5 could not be replicated
INFO: [Physopt 32-117] Net sigma/sigma_tile/riscv/ADDRARDADDR[0] could not be optimized because driver sigma/sigma_tile/riscv/ram_reg_0_i_12 could not be replicated
INFO: [Physopt 32-117] Net sigma/sigma_tile/riscv/ADDRARDADDR[5] could not be optimized because driver sigma/sigma_tile/riscv/ram_reg_0_i_7 could not be replicated
INFO: [Physopt 32-117] Net sigma/sigma_tile/riscv/ADDRARDADDR[9] could not be optimized because driver sigma/sigma_tile/riscv/ram_reg_0_i_3 could not be replicated
INFO: [Physopt 32-117] Net sigma/sigma_tile/riscv/ADDRARDADDR[1] could not be optimized because driver sigma/sigma_tile/riscv/ram_reg_0_i_11 could not be replicated
INFO: [Physopt 32-68] No nets found for critical-cell optimization.
INFO: [Physopt 32-232] Optimized 0 net. Created 0 new instance.
INFO: [Physopt 32-775] End 1 Pass. Optimized 0 net or cell. Created 0 new cell, deleted 0 existing cell and moved 0 existing cell
INFO: [Physopt 32-456] No candidate cells for DSP register optimization found in the design.
INFO: [Physopt 32-775] End 2 Pass. Optimized 0 net or cell. Created 0 new cell, deleted 0 existing cell and moved 0 existing cell
INFO: [Physopt 32-775] End 1 Pass. Optimized 0 net or cell. Created 0 new cell, deleted 0 existing cell and moved 0 existing cell
INFO: [Physopt 32-677] No candidate cells for Shift Register optimization found in the design
INFO: [Physopt 32-775] End 1 Pass. Optimized 0 net or cell. Created 0 new cell, deleted 0 existing cell and moved 0 existing cell
INFO: [Physopt 32-526] No candidate cells for BRAM register optimization found in the design
INFO: [Physopt 32-775] End 1 Pass. Optimized 0 net or cell. Created 0 new cell, deleted 0 existing cell and moved 0 existing cell
INFO: [Physopt 32-949] No candidate nets found for HD net replication
INFO: [Physopt 32-775] End 1 Pass. Optimized 0 net or cell. Created 0 new cell, deleted 0 existing cell and moved 0 existing cell
Netlist sorting complete. Time (s): cpu = 00:00:00 ; elapsed = 00:00:00.001 . Memory (MB): peak = 1778.305 ; gain = 0.000

Summary of Physical Synthesis Optimizations
============================================


-----------------------------------------------------------------------------------------------------------------------------------------------------------
|  Optimization                                     |  Added Cells  |  Removed Cells  |  Optimized Cells/Nets  |  Dont Touch  |  Iterations  |  Elapsed   |
-----------------------------------------------------------------------------------------------------------------------------------------------------------
|  LUT Combining                                    |          255  |             58  |                   313  |           0  |           1  |  00:00:00  |
|  Very High Fanout                                 |           10  |              0  |                     1  |           0  |           1  |  00:00:00  |
|  Critical Cell                                    |            0  |              0  |                     0  |           0  |           1  |  00:00:00  |
|  DSP Register                                     |            0  |              0  |                     0  |           0  |           1  |  00:00:00  |
|  Shift Register to Pipeline                       |            0  |              0  |                     0  |           0  |           1  |  00:00:00  |
|  Shift Register                                   |            0  |              0  |                     0  |           0  |           1  |  00:00:00  |
|  BRAM Register                                    |            0  |              0  |                     0  |           0  |           1  |  00:00:00  |
|  Dynamic/Static Region Interface Net Replication  |            0  |              0  |                     0  |           0  |           1  |  00:00:00  |
|  Total                                            |          265  |             58  |                   314  |           0  |           8  |  00:00:01  |
-----------------------------------------------------------------------------------------------------------------------------------------------------------


Phase 2.2.1 Physical Synthesis In Placer | Checksum: 1a0851176

Time (s): cpu = 00:00:13 ; elapsed = 00:00:08 . Memory (MB): peak = 1778.305 ; gain = 0.000
Phase 2.2 Global Placement Core | Checksum: 1601763fe

Time (s): cpu = 00:00:14 ; elapsed = 00:00:08 . Memory (MB): peak = 1778.305 ; gain = 0.000
Phase 2 Global Placement | Checksum: 1601763fe

Time (s): cpu = 00:00:14 ; elapsed = 00:00:08 . Memory (MB): peak = 1778.305 ; gain = 0.000

Phase 3 Detail Placement

Phase 3.1 Commit Multi Column Macros
Phase 3.1 Commit Multi Column Macros | Checksum: 13f68e62a

Time (s): cpu = 00:00:14 ; elapsed = 00:00:08 . Memory (MB): peak = 1778.305 ; gain = 0.000

Phase 3.2 Commit Most Macros & LUTRAMs
Phase 3.2 Commit Most Macros & LUTRAMs | Checksum: 2d504a774

Time (s): cpu = 00:00:15 ; elapsed = 00:00:09 . Memory (MB): peak = 1778.305 ; gain = 0.000

Phase 3.3 Area Swap Optimization
Phase 3.3 Area Swap Optimization | Checksum: 29c554a4f

Time (s): cpu = 00:00:15 ; elapsed = 00:00:09 . Memory (MB): peak = 1778.305 ; gain = 0.000

Phase 3.4 Pipeline Register Optimization
Phase 3.4 Pipeline Register Optimization | Checksum: 260fa266e

Time (s): cpu = 00:00:15 ; elapsed = 00:00:09 . Memory (MB): peak = 1778.305 ; gain = 0.000

Phase 3.5 Fast Optimization
Phase 3.5 Fast Optimization | Checksum: 2c79a90a3

Time (s): cpu = 00:00:17 ; elapsed = 00:00:11 . Memory (MB): peak = 1778.305 ; gain = 0.000

Phase 3.6 Small Shape Detail Placement
Phase 3.6 Small Shape Detail Placement | Checksum: 2b16ae7b3

Time (s): cpu = 00:00:20 ; elapsed = 00:00:13 . Memory (MB): peak = 1778.305 ; gain = 0.000

Phase 3.7 Re-assign LUT pins
Phase 3.7 Re-assign LUT pins | Checksum: 2b5f34ca0

Time (s): cpu = 00:00:20 ; elapsed = 00:00:13 . Memory (MB): peak = 1778.305 ; gain = 0.000

Phase 3.8 Pipeline Register Optimization
Phase 3.8 Pipeline Register Optimization | Checksum: 1dd0a906b

Time (s): cpu = 00:00:20 ; elapsed = 00:00:13 . Memory (MB): peak = 1778.305 ; gain = 0.000

Phase 3.9 Fast Optimization
Phase 3.9 Fast Optimization | Checksum: 1bcb181d9

Time (s): cpu = 00:00:26 ; elapsed = 00:00:20 . Memory (MB): peak = 1778.305 ; gain = 0.000
Phase 3 Detail Placement | Checksum: 1bcb181d9

Time (s): cpu = 00:00:26 ; elapsed = 00:00:20 . Memory (MB): peak = 1778.305 ; gain = 0.000

Phase 4 Post Placement Optimization and Clean-Up

Phase 4.1 Post Commit Optimization
INFO: [Timing 38-35] Done setting XDC timing constraints.

Phase 4.1.1 Post Placement Optimization
Post Placement Optimization Initialization | Checksum: 17b73e7cf

Phase 4.1.1.1 BUFG Insertion
INFO: [Place 46-56] BUFG insertion identified 0 candidate nets. Inserted BUFG: 0, Replicated BUFG Driver: 0, Skipped due to Placement/Routing Conflicts: 0, Skipped due to Timing Degradation: 0, Skipped due to Illegal Netlist: 0.
Phase 4.1.1.1 BUFG Insertion | Checksum: 17b73e7cf

Time (s): cpu = 00:00:27 ; elapsed = 00:00:21 . Memory (MB): peak = 1778.305 ; gain = 0.000
INFO: [Place 30-746] Post Placement Timing Summary WNS=0.501. For the most accurate timing information please run report_timing.
Phase 4.1.1 Post Placement Optimization | Checksum: 20ebfeae9

Time (s): cpu = 00:00:33 ; elapsed = 00:00:26 . Memory (MB): peak = 1778.305 ; gain = 0.000
Phase 4.1 Post Commit Optimization | Checksum: 20ebfeae9

Time (s): cpu = 00:00:33 ; elapsed = 00:00:26 . Memory (MB): peak = 1778.305 ; gain = 0.000

Phase 4.2 Post Placement Cleanup
Phase 4.2 Post Placement Cleanup | Checksum: 20ebfeae9

Time (s): cpu = 00:00:33 ; elapsed = 00:00:26 . Memory (MB): peak = 1778.305 ; gain = 0.000

Phase 4.3 Placer Reporting
Phase 4.3 Placer Reporting | Checksum: 20ebfeae9

Time (s): cpu = 00:00:33 ; elapsed = 00:00:26 . Memory (MB): peak = 1778.305 ; gain = 0.000

Phase 4.4 Final Placement Cleanup
Netlist sorting complete. Time (s): cpu = 00:00:00 ; elapsed = 00:00:00.001 . Memory (MB): peak = 1778.305 ; gain = 0.000
Phase 4.4 Final Placement Cleanup | Checksum: 29950b026

Time (s): cpu = 00:00:33 ; elapsed = 00:00:26 . Memory (MB): peak = 1778.305 ; gain = 0.000
Phase 4 Post Placement Optimization and Clean-Up | Checksum: 29950b026

Time (s): cpu = 00:00:33 ; elapsed = 00:00:26 . Memory (MB): peak = 1778.305 ; gain = 0.000
Ending Placer Task | Checksum: 1b774b765

Time (s): cpu = 00:00:33 ; elapsed = 00:00:26 . Memory (MB): peak = 1778.305 ; gain = 0.000
INFO: [Common 17-83] Releasing license: Implementation
102 Infos, 0 Warnings, 0 Critical Warnings and 0 Errors encountered.
place_design completed successfully
place_design: Time (s): cpu = 00:00:34 ; elapsed = 00:00:27 . Memory (MB): peak = 1778.305 ; gain = 0.000
Netlist sorting complete. Time (s): cpu = 00:00:00 ; elapsed = 00:00:00.001 . Memory (MB): peak = 1778.305 ; gain = 0.000
INFO: [Timing 38-480] Writing timing data to binary archive.
Writing placer database...
Writing XDEF routing.
Writing XDEF routing logical nets.
Writing XDEF routing special nets.
Write XDEF Complete: Time (s): cpu = 00:00:01 ; elapsed = 00:00:00.353 . Memory (MB): peak = 1778.305 ; gain = 0.000
INFO: [Common 17-1381] The checkpoint 'C:/SoC/activecore/designs/rtl/sigma/syn/syn_2stage/NEXYS4_DDR/NEXYS4_DDR.runs/impl_1/NEXYS4_DDR_placed.dcp' has been generated.
INFO: [runtcl-4] Executing : report_io -file NEXYS4_DDR_io_placed.rpt
report_io: Time (s): cpu = 00:00:00 ; elapsed = 00:00:00.034 . Memory (MB): peak = 1778.305 ; gain = 0.000
INFO: [runtcl-4] Executing : report_utilization -file NEXYS4_DDR_utilization_placed.rpt -pb NEXYS4_DDR_utilization_placed.pb
INFO: [runtcl-4] Executing : report_control_sets -verbose -file NEXYS4_DDR_control_sets_placed.rpt
report_control_sets: Time (s): cpu = 00:00:00 ; elapsed = 00:00:00.021 . Memory (MB): peak = 1778.305 ; gain = 0.000
Command: route_design
Attempting to get a license for feature 'Implementation' and/or device 'xc7a100t'
INFO: [Common 17-349] Got license for feature 'Implementation' and/or device 'xc7a100t'
Running DRC as a precondition to command route_design
INFO: [DRC 23-27] Running DRC with 2 threads
INFO: [Vivado_Tcl 4-198] DRC finished with 0 Errors
INFO: [Vivado_Tcl 4-199] Please refer to the DRC report (report_drc) for more information.


Starting Routing Task
INFO: [Route 35-254] Multithreading enabled for route_design using a maximum of 2 CPUs
Checksum: PlaceDB: ca6e72de ConstDB: 0 ShapeSum: ed064487 RouteDB: 0

Phase 1 Build RT Design
Phase 1 Build RT Design | Checksum: 16cd63a87

Time (s): cpu = 00:00:22 ; elapsed = 00:00:19 . Memory (MB): peak = 1801.039 ; gain = 22.734
Post Restoration Checksum: NetGraph: 97481eb9 NumContArr: d58e1bce Constraints: 0 Timing: 0

Phase 2 Router Initialization

Phase 2.1 Create Timer
Phase 2.1 Create Timer | Checksum: 16cd63a87

Time (s): cpu = 00:00:22 ; elapsed = 00:00:19 . Memory (MB): peak = 1816.551 ; gain = 38.246

Phase 2.2 Fix Topology Constraints
Phase 2.2 Fix Topology Constraints | Checksum: 16cd63a87

Time (s): cpu = 00:00:22 ; elapsed = 00:00:19 . Memory (MB): peak = 1823.871 ; gain = 45.566

Phase 2.3 Pre Route Cleanup
Phase 2.3 Pre Route Cleanup | Checksum: 16cd63a87

Time (s): cpu = 00:00:22 ; elapsed = 00:00:19 . Memory (MB): peak = 1823.871 ; gain = 45.566
 Number of Nodes with overlaps = 0

Phase 2.4 Update Timing
Phase 2.4 Update Timing | Checksum: 1a00eebc6

Time (s): cpu = 00:00:24 ; elapsed = 00:00:21 . Memory (MB): peak = 1843.871 ; gain = 65.566
INFO: [Route 35-416] Intermediate Timing Summary | WNS=0.853  | TNS=0.000  | WHS=-0.294 | THS=-208.787|

Phase 2 Router Initialization | Checksum: 1f83d7aa5

Time (s): cpu = 00:00:25 ; elapsed = 00:00:21 . Memory (MB): peak = 1876.098 ; gain = 97.793

Router Utilization Summary
  Global Vertical Routing Utilization    = 0 %
  Global Horizontal Routing Utilization  = 0 %
  Routable Net Status*
  *Does not include unroutable nets such as driverless and loadless.
  Run report_route_status for detailed report.
  Number of Failed Nets               = 5741
    (Failed Nets is the sum of unrouted and partially routed nets)
  Number of Unrouted Nets             = 5741
  Number of Partially Routed Nets     = 0
  Number of Node Overlaps             = 0


Phase 3 Initial Routing
Phase 3 Initial Routing | Checksum: 1033e9cd8

Time (s): cpu = 00:00:31 ; elapsed = 00:00:25 . Memory (MB): peak = 1897.926 ; gain = 119.621

Phase 4 Rip-up And Reroute

Phase 4.1 Global Iteration 0
 Number of Nodes with overlaps = 2303
 Number of Nodes with overlaps = 953
 Number of Nodes with overlaps = 508
 Number of Nodes with overlaps = 274
 Number of Nodes with overlaps = 162
 Number of Nodes with overlaps = 105
 Number of Nodes with overlaps = 62
 Number of Nodes with overlaps = 38
 Number of Nodes with overlaps = 22
 Number of Nodes with overlaps = 21
 Number of Nodes with overlaps = 15
 Number of Nodes with overlaps = 15
 Number of Nodes with overlaps = 5
 Number of Nodes with overlaps = 5
 Number of Nodes with overlaps = 2
 Number of Nodes with overlaps = 0
INFO: [Route 35-416] Intermediate Timing Summary | WNS=-0.411 | TNS=-7.284 | WHS=N/A    | THS=N/A    |

Phase 4.1 Global Iteration 0 | Checksum: 1d37f3d53

Time (s): cpu = 00:01:01 ; elapsed = 00:00:44 . Memory (MB): peak = 1897.926 ; gain = 119.621

Phase 4.2 Global Iteration 1
 Number of Nodes with overlaps = 1472
 Number of Nodes with overlaps = 534
 Number of Nodes with overlaps = 336
 Number of Nodes with overlaps = 186
 Number of Nodes with overlaps = 102
 Number of Nodes with overlaps = 42
 Number of Nodes with overlaps = 25
 Number of Nodes with overlaps = 22
 Number of Nodes with overlaps = 17
 Number of Nodes with overlaps = 5
 Number of Nodes with overlaps = 5
 Number of Nodes with overlaps = 5
 Number of Nodes with overlaps = 2
 Number of Nodes with overlaps = 3
 Number of Nodes with overlaps = 3
 Number of Nodes with overlaps = 5
 Number of Nodes with overlaps = 2
 Number of Nodes with overlaps = 1
 Number of Nodes with overlaps = 2
 Number of Nodes with overlaps = 2
 Number of Nodes with overlaps = 0
INFO: [Route 35-416] Intermediate Timing Summary | WNS=-0.031 | TNS=-0.039 | WHS=N/A    | THS=N/A    |

Phase 4.2 Global Iteration 1 | Checksum: 1d06a41c1

Time (s): cpu = 00:01:27 ; elapsed = 00:01:03 . Memory (MB): peak = 1897.926 ; gain = 119.621

Phase 4.3 Global Iteration 2
 Number of Nodes with overlaps = 497
 Number of Nodes with overlaps = 304
 Number of Nodes with overlaps = 247
 Number of Nodes with overlaps = 210
 Number of Nodes with overlaps = 107
 Number of Nodes with overlaps = 81
 Number of Nodes with overlaps = 60
 Number of Nodes with overlaps = 44
 Number of Nodes with overlaps = 20
 Number of Nodes with overlaps = 18
 Number of Nodes with overlaps = 12
 Number of Nodes with overlaps = 5
 Number of Nodes with overlaps = 6
 Number of Nodes with overlaps = 3
 Number of Nodes with overlaps = 8
 Number of Nodes with overlaps = 2
 Number of Nodes with overlaps = 0
INFO: [Route 35-416] Intermediate Timing Summary | WNS=0.067  | TNS=0.000  | WHS=N/A    | THS=N/A    |

Phase 4.3 Global Iteration 2 | Checksum: 198a05986

Time (s): cpu = 00:01:44 ; elapsed = 00:01:16 . Memory (MB): peak = 1897.926 ; gain = 119.621
Phase 4 Rip-up And Reroute | Checksum: 198a05986

Time (s): cpu = 00:01:44 ; elapsed = 00:01:16 . Memory (MB): peak = 1897.926 ; gain = 119.621

Phase 5 Delay and Skew Optimization

Phase 5.1 Delay CleanUp
Phase 5.1 Delay CleanUp | Checksum: 198a05986

Time (s): cpu = 00:01:44 ; elapsed = 00:01:16 . Memory (MB): peak = 1897.926 ; gain = 119.621

Phase 5.2 Clock Skew Optimization
Phase 5.2 Clock Skew Optimization | Checksum: 198a05986

Time (s): cpu = 00:01:44 ; elapsed = 00:01:16 . Memory (MB): peak = 1897.926 ; gain = 119.621
Phase 5 Delay and Skew Optimization | Checksum: 198a05986

Time (s): cpu = 00:01:44 ; elapsed = 00:01:16 . Memory (MB): peak = 1897.926 ; gain = 119.621

Phase 6 Post Hold Fix

Phase 6.1 Hold Fix Iter

Phase 6.1.1 Update Timing
Phase 6.1.1 Update Timing | Checksum: 16ea9380c

Time (s): cpu = 00:01:44 ; elapsed = 00:01:16 . Memory (MB): peak = 1897.926 ; gain = 119.621
INFO: [Route 35-416] Intermediate Timing Summary | WNS=0.067  | TNS=0.000  | WHS=0.036  | THS=0.000  |

Phase 6.1 Hold Fix Iter | Checksum: 1f9618fd4

Time (s): cpu = 00:01:44 ; elapsed = 00:01:16 . Memory (MB): peak = 1897.926 ; gain = 119.621
Phase 6 Post Hold Fix | Checksum: 1f9618fd4

Time (s): cpu = 00:01:44 ; elapsed = 00:01:16 . Memory (MB): peak = 1897.926 ; gain = 119.621

Phase 7 Route finalize

Router Utilization Summary
  Global Vertical Routing Utilization    = 1.86774 %
  Global Horizontal Routing Utilization  = 2.38924 %
  Routable Net Status*
  *Does not include unroutable nets such as driverless and loadless.
  Run report_route_status for detailed report.
  Number of Failed Nets               = 0
    (Failed Nets is the sum of unrouted and partially routed nets)
  Number of Unrouted Nets             = 0
  Number of Partially Routed Nets     = 0
  Number of Node Overlaps             = 0

Phase 7 Route finalize | Checksum: 1c13eb69f

Time (s): cpu = 00:01:45 ; elapsed = 00:01:16 . Memory (MB): peak = 1897.926 ; gain = 119.621

Phase 8 Verifying routed nets

 Verification completed successfully
Phase 8 Verifying routed nets | Checksum: 1c13eb69f

Time (s): cpu = 00:01:45 ; elapsed = 00:01:16 . Memory (MB): peak = 1897.926 ; gain = 119.621

Phase 9 Depositing Routes
Phase 9 Depositing Routes | Checksum: 20c6ba662

Time (s): cpu = 00:01:45 ; elapsed = 00:01:17 . Memory (MB): peak = 1897.926 ; gain = 119.621

Phase 10 Post Router Timing
INFO: [Route 35-57] Estimated Timing Summary | WNS=0.067  | TNS=0.000  | WHS=0.036  | THS=0.000  |

INFO: [Route 35-327] The final timing numbers are based on the router estimated timing analysis. For a complete and accurate timing signoff, please run report_timing_summary.
Phase 10 Post Router Timing | Checksum: 20c6ba662

Time (s): cpu = 00:01:45 ; elapsed = 00:01:17 . Memory (MB): peak = 1897.926 ; gain = 119.621
INFO: [Route 35-16] Router Completed Successfully

Time (s): cpu = 00:01:45 ; elapsed = 00:01:17 . Memory (MB): peak = 1897.926 ; gain = 119.621

Routing Is Done.
INFO: [Common 17-83] Releasing license: Implementation
121 Infos, 0 Warnings, 0 Critical Warnings and 0 Errors encountered.
route_design completed successfully
route_design: Time (s): cpu = 00:01:46 ; elapsed = 00:01:26 . Memory (MB): peak = 1897.926 ; gain = 119.621
Netlist sorting complete. Time (s): cpu = 00:00:00 ; elapsed = 00:00:00.001 . Memory (MB): peak = 1897.926 ; gain = 0.000
INFO: [Timing 38-480] Writing timing data to binary archive.
Writing placer database...
Writing XDEF routing.
Writing XDEF routing logical nets.
Writing XDEF routing special nets.
Write XDEF Complete: Time (s): cpu = 00:00:01 ; elapsed = 00:00:00.440 . Memory (MB): peak = 1897.926 ; gain = 0.000
INFO: [Common 17-1381] The checkpoint 'C:/SoC/activecore/designs/rtl/sigma/syn/syn_2stage/NEXYS4_DDR/NEXYS4_DDR.runs/impl_1/NEXYS4_DDR_routed.dcp' has been generated.
INFO: [runtcl-4] Executing : report_drc -file NEXYS4_DDR_drc_routed.rpt -pb NEXYS4_DDR_drc_routed.pb -rpx NEXYS4_DDR_drc_routed.rpx
Command: report_drc -file NEXYS4_DDR_drc_routed.rpt -pb NEXYS4_DDR_drc_routed.pb -rpx NEXYS4_DDR_drc_routed.rpx
INFO: [IP_Flow 19-1839] IP Catalog is up to date.
INFO: [DRC 23-27] Running DRC with 2 threads
INFO: [Coretcl 2-168] The results of DRC are in file C:/SoC/activecore/designs/rtl/sigma/syn/syn_2stage/NEXYS4_DDR/NEXYS4_DDR.runs/impl_1/NEXYS4_DDR_drc_routed.rpt.
report_drc completed successfully
INFO: [runtcl-4] Executing : report_methodology -file NEXYS4_DDR_methodology_drc_routed.rpt -pb NEXYS4_DDR_methodology_drc_routed.pb -rpx NEXYS4_DDR_methodology_drc_routed.rpx
Command: report_methodology -file NEXYS4_DDR_methodology_drc_routed.rpt -pb NEXYS4_DDR_methodology_drc_routed.pb -rpx NEXYS4_DDR_methodology_drc_routed.rpx
INFO: [Timing 38-35] Done setting XDC timing constraints.
INFO: [DRC 23-133] Running Methodology with 2 threads
INFO: [Coretcl 2-1520] The results of Report Methodology are in file C:/SoC/activecore/designs/rtl/sigma/syn/syn_2stage/NEXYS4_DDR/NEXYS4_DDR.runs/impl_1/NEXYS4_DDR_methodology_drc_routed.rpt.
report_methodology completed successfully
INFO: [runtcl-4] Executing : report_power -file NEXYS4_DDR_power_routed.rpt -pb NEXYS4_DDR_power_summary_routed.pb -rpx NEXYS4_DDR_power_routed.rpx
Command: report_power -file NEXYS4_DDR_power_routed.rpt -pb NEXYS4_DDR_power_summary_routed.pb -rpx NEXYS4_DDR_power_routed.rpx
INFO: [Timing 38-35] Done setting XDC timing constraints.
Running Vector-less Activity Propagation...

Finished Running Vector-less Activity Propagation
133 Infos, 0 Warnings, 0 Critical Warnings and 0 Errors encountered.
report_power completed successfully
INFO: [runtcl-4] Executing : report_route_status -file NEXYS4_DDR_route_status.rpt -pb NEXYS4_DDR_route_status.pb
INFO: [runtcl-4] Executing : report_timing_summary -max_paths 10 -file NEXYS4_DDR_timing_summary_routed.rpt -pb NEXYS4_DDR_timing_summary_routed.pb -rpx NEXYS4_DDR_timing_summary_routed.rpx -warn_on_violation 
INFO: [Timing 38-91] UpdateTimingParams: Speed grade: -3, Delay Type: min_max.
INFO: [Timing 38-191] Multithreading enabled for timing update using a maximum of 2 CPUs
INFO: [runtcl-4] Executing : report_incremental_reuse -file NEXYS4_DDR_incremental_reuse_routed.rpt
INFO: [Vivado_Tcl 4-1062] Incremental flow is disabled. No incremental reuse Info to report.
INFO: [runtcl-4] Executing : report_clock_utilization -file NEXYS4_DDR_clock_utilization_routed.rpt
INFO: [runtcl-4] Executing : report_bus_skew -warn_on_violation -file NEXYS4_DDR_bus_skew_routed.rpt -pb NEXYS4_DDR_bus_skew_routed.pb -rpx NEXYS4_DDR_bus_skew_routed.rpx
INFO: [Timing 38-91] UpdateTimingParams: Speed grade: -3, Delay Type: min_max.
INFO: [Timing 38-191] Multithreading enabled for timing update using a maximum of 2 CPUs
INFO: [Common 17-206] Exiting Vivado at Wed Mar 20 16:54:22 2024...
